[2022/05/21 00:22:00.748] - Starting server with initial configuration: {"gasLimit":6721975,"gasPrice":20000000000,"hardfork":"muirGlacier","hostname":"127.0.0.1","port":7545,"network_id":5777,"default_balance_ether":100,"total_accounts":10,"unlocked_accounts":[],"locked":false,"vmErrorsOnRPCResponse":true,"verbose":false,"db_path":"/Users/tlacuilose/Library/Application Support/Ganache/workspaces/imported-family/chaindata","logDirectory":"/Users/tlacuilose/Documents/ts/kobasu/nekobasu/logs"}
[2022/05/21 00:22:00.862] - eth_getCode
[2022/05/21 00:22:00.868] - eth_subscribe
[2022/05/21 00:22:00.868] - eth_getLogs
[2022/05/21 00:22:00.869] - eth_subscribe
[2022/05/21 00:22:00.886] - eth_getCode
[2022/05/21 00:22:00.893] - eth_getCode
[2022/05/21 00:22:00.893] - eth_subscribe
[2022/05/21 00:22:00.894] - eth_getLogs
[2022/05/21 00:22:00.894] - eth_subscribe
[2022/05/21 00:22:00.896] - eth_getCode
[2022/05/21 00:22:00.951] - eth_blockNumber
[2022/05/21 00:22:00.951] - eth_accounts
[2022/05/21 00:22:00.951] - eth_gasPrice
[2022/05/21 00:22:00.951] - eth_getBlockByNumber
[2022/05/21 00:22:00.951] - eth_subscribe
[2022/05/21 00:22:00.960] - eth_accounts
[2022/05/21 00:22:00.986] - eth_getBalance
[2022/05/21 00:22:00.990] - eth_getTransactionCount
[2022/05/21 00:22:00.993] - eth_getBalance
[2022/05/21 00:22:00.996] - eth_getTransactionCount
[2022/05/21 00:22:00.999] - eth_getBalance
[2022/05/21 00:22:01.005] - eth_getTransactionCount
[2022/05/21 00:22:01.007] - eth_getBalance
[2022/05/21 00:22:01.008] - eth_getTransactionCount
[2022/05/21 00:22:01.011] - eth_getBalance
[2022/05/21 00:22:01.013] - eth_getTransactionCount
[2022/05/21 00:22:01.015] - eth_getBalance
[2022/05/21 00:22:01.018] - eth_getTransactionCount
[2022/05/21 00:22:01.020] - eth_getBalance
[2022/05/21 00:22:01.029] - eth_getTransactionCount
[2022/05/21 00:22:01.029] - eth_getBalance
[2022/05/21 00:22:01.029] - eth_getTransactionCount
[2022/05/21 00:22:01.032] - eth_getBalance
[2022/05/21 00:22:01.035] - eth_getTransactionCount
[2022/05/21 00:22:01.037] - eth_getBalance
[2022/05/21 00:22:01.039] - eth_getTransactionCount
[2022/05/21 00:22:01.041] - eth_blockNumber
[2022/05/21 00:22:01.041] - eth_accounts
[2022/05/21 00:22:01.041] - eth_gasPrice
[2022/05/21 00:22:01.046] - eth_getBlockByNumber
[2022/05/21 00:22:01.047] - eth_subscribe
[2022/05/21 00:22:01.071] - eth_getTransactionCount
[2022/05/21 00:22:01.074] - eth_getBalance
[2022/05/21 00:22:01.075] - eth_getTransactionCount
[2022/05/21 00:22:01.077] - eth_getBalance
[2022/05/21 00:22:01.079] - eth_getTransactionCount
[2022/05/21 00:22:01.081] - eth_getBalance
[2022/05/21 00:22:01.083] - eth_getTransactionCount
[2022/05/21 00:22:01.085] - eth_getBalance
[2022/05/21 00:22:01.087] - eth_getTransactionCount
[2022/05/21 00:22:01.090] - eth_getBalance
[2022/05/21 00:22:01.092] - eth_getTransactionCount
[2022/05/21 00:22:01.094] - eth_getBalance
[2022/05/21 00:22:01.096] - eth_getTransactionCount
[2022/05/21 00:22:01.099] - eth_getBalance
[2022/05/21 00:22:01.101] - eth_getTransactionCount
[2022/05/21 00:22:01.102] - eth_getBalance
[2022/05/21 00:22:01.109] - eth_getTransactionCount
[2022/05/21 00:22:01.110] - eth_getBalance
[2022/05/21 00:22:01.110] - eth_getTransactionCount
[2022/05/21 00:22:01.264] - eth_getBalance
[2022/05/21 00:22:01.272] - eth_getTransactionCount
[2022/05/21 00:22:01.274] - eth_getBalance
[2022/05/21 00:22:01.277] - eth_getTransactionCount
[2022/05/21 00:22:01.279] - eth_getBalance
[2022/05/21 00:22:01.286] - eth_getTransactionCount
[2022/05/21 00:22:01.289] - eth_getBalance
[2022/05/21 00:22:01.291] - eth_getTransactionCount
[2022/05/21 00:22:01.293] - eth_getBalance
[2022/05/21 00:22:01.295] - eth_getTransactionCount
[2022/05/21 00:22:01.297] - eth_getBalance
[2022/05/21 00:22:01.299] - eth_getTransactionCount
[2022/05/21 00:22:01.301] - eth_getBalance
[2022/05/21 00:22:01.304] - eth_getTransactionCount
[2022/05/21 00:22:01.306] - eth_getBalance
[2022/05/21 00:22:01.309] - eth_getTransactionCount
[2022/05/21 00:22:01.311] - eth_getBalance
[2022/05/21 00:22:01.317] - eth_getTransactionCount
[2022/05/21 00:22:01.320] - eth_getBalance
[2022/05/21 00:22:01.322] - eth_getTransactionCount
[2022/05/21 00:22:01.325] - eth_getBalance
[2022/05/21 00:22:01.328] - eth_getTransactionCount
[2022/05/21 00:22:01.331] - eth_getBalance
[2022/05/21 00:22:01.333] - eth_getTransactionCount
[2022/05/21 00:22:01.335] - eth_getBalance
[2022/05/21 00:22:01.343] - eth_getTransactionCount
[2022/05/21 00:22:01.345] - eth_getBalance
[2022/05/21 00:22:01.349] - eth_getTransactionCount
[2022/05/21 00:22:01.352] - eth_getBalance
[2022/05/21 00:22:01.354] - eth_getTransactionCount
[2022/05/21 00:22:01.356] - eth_getBalance
[2022/05/21 00:22:01.358] - eth_getTransactionCount
[2022/05/21 00:22:01.360] - eth_getBalance
[2022/05/21 00:22:01.362] - eth_getTransactionCount
[2022/05/21 00:22:01.364] - eth_getBalance
[2022/05/21 00:22:01.392] - eth_getTransactionCount
[2022/05/21 00:22:01.395] - eth_getBalance
[2022/05/21 00:22:01.396] - eth_getTransactionCount
[2022/05/21 00:22:01.404] - eth_getBalance
[2022/05/21 00:22:01.404] - eth_getTransactionCount
[2022/05/21 00:22:36.516] - eth_unsubscribe
[2022/05/21 00:22:36.518] - eth_unsubscribe
