[2022/05/25 19:27:20.316] - Starting server with initial configuration: {"gasLimit":6721975,"gasPrice":20000000000,"hardfork":"muirGlacier","hostname":"127.0.0.1","port":7545,"network_id":5777,"default_balance_ether":100,"total_accounts":10,"unlocked_accounts":[],"locked":false,"vmErrorsOnRPCResponse":true,"verbose":false,"db_path":"/Users/tlacuilose/Library/Application Support/Ganache/workspaces/Nekobasu/chaindata","logDirectory":"/Users/tlacuilose/Documents/ts/kobasu/nekobasu/logs"}
[2022/05/25 19:27:20.451] - eth_getCode
[2022/05/25 19:27:20.452] - eth_subscribe
[2022/05/25 19:27:20.453] - eth_getLogs
[2022/05/25 19:27:20.453] - eth_subscribe
[2022/05/25 19:27:20.489] - eth_getCode
[2022/05/25 19:27:20.489] - eth_getCode
[2022/05/25 19:27:20.489] - eth_subscribe
[2022/05/25 19:27:20.489] - eth_getLogs
[2022/05/25 19:27:20.491] - eth_subscribe
[2022/05/25 19:27:20.510] - eth_getCode
[2022/05/25 19:27:20.571] - eth_blockNumber
[2022/05/25 19:27:20.571] - eth_accounts
[2022/05/25 19:27:20.571] - eth_gasPrice
[2022/05/25 19:27:20.572] - eth_getBlockByNumber
[2022/05/25 19:27:20.572] - eth_blockNumber
[2022/05/25 19:27:20.572] - eth_subscribe
[2022/05/25 19:27:20.572] - eth_accounts
[2022/05/25 19:27:20.572] - eth_gasPrice
[2022/05/25 19:27:20.572] - eth_getBlockByNumber
[2022/05/25 19:27:20.573] - eth_subscribe
[2022/05/25 19:27:20.585] - eth_accounts
[2022/05/25 19:27:20.643] - eth_getBalance
[2022/05/25 19:27:20.650] - eth_getTransactionCount
[2022/05/25 19:27:20.653] - eth_getBalance
[2022/05/25 19:27:20.656] - eth_getTransactionCount
[2022/05/25 19:27:20.660] - eth_getBalance
[2022/05/25 19:27:20.663] - eth_getTransactionCount
[2022/05/25 19:27:20.673] - eth_getBalance
[2022/05/25 19:27:20.676] - eth_getTransactionCount
[2022/05/25 19:27:20.681] - eth_getBalance
[2022/05/25 19:27:20.689] - eth_getTransactionCount
[2022/05/25 19:27:20.692] - eth_getBalance
[2022/05/25 19:27:20.695] - eth_getTransactionCount
[2022/05/25 19:27:20.697] - eth_getBalance
[2022/05/25 19:27:20.699] - eth_getTransactionCount
[2022/05/25 19:27:20.701] - eth_getBalance
[2022/05/25 19:27:20.704] - eth_getTransactionCount
[2022/05/25 19:27:20.706] - eth_getBalance
[2022/05/25 19:27:20.708] - eth_getTransactionCount
[2022/05/25 19:27:20.711] - eth_getBalance
[2022/05/25 19:27:20.714] - eth_getTransactionCount
[2022/05/25 19:27:20.726] - eth_getBalance
[2022/05/25 19:27:20.729] - eth_getTransactionCount
[2022/05/25 19:27:20.732] - eth_getBalance
[2022/05/25 19:27:20.740] - eth_getTransactionCount
[2022/05/25 19:27:20.745] - eth_getBalance
[2022/05/25 19:27:20.747] - eth_getTransactionCount
[2022/05/25 19:27:20.751] - eth_getBalance
[2022/05/25 19:27:20.753] - eth_getTransactionCount
[2022/05/25 19:27:20.756] - eth_getBalance
[2022/05/25 19:27:20.759] - eth_getTransactionCount
[2022/05/25 19:27:20.768] - eth_getBalance
[2022/05/25 19:27:20.776] - eth_getTransactionCount
[2022/05/25 19:27:20.779] - eth_getBalance
[2022/05/25 19:27:20.781] - eth_getTransactionCount
[2022/05/25 19:27:20.783] - eth_getBalance
[2022/05/25 19:27:20.785] - eth_getTransactionCount
[2022/05/25 19:27:20.793] - eth_getBalance
[2022/05/25 19:27:20.796] - eth_getTransactionCount
[2022/05/25 19:27:20.798] - eth_getBalance
[2022/05/25 19:27:20.801] - eth_getTransactionCount
[2022/05/25 19:27:20.803] - eth_getBalance
[2022/05/25 19:27:20.805] - eth_getTransactionCount
[2022/05/25 19:27:20.808] - eth_getBalance
[2022/05/25 19:27:20.809] - eth_getTransactionCount
[2022/05/25 19:27:20.812] - eth_getBalance
[2022/05/25 19:27:20.814] - eth_getTransactionCount
[2022/05/25 19:27:20.816] - eth_getBalance
[2022/05/25 19:27:20.824] - eth_getTransactionCount
[2022/05/25 19:27:20.828] - eth_getBalance
[2022/05/25 19:27:20.836] - eth_getTransactionCount
[2022/05/25 19:27:20.839] - eth_getBalance
[2022/05/25 19:27:20.850] - eth_getTransactionCount
[2022/05/25 19:27:20.850] - eth_getBalance
[2022/05/25 19:27:20.856] - eth_getTransactionCount
[2022/05/25 19:27:20.861] - eth_getBalance
[2022/05/25 19:27:20.863] - eth_getTransactionCount
[2022/05/25 19:27:20.866] - eth_getBalance
[2022/05/25 19:27:20.877] - eth_getTransactionCount
[2022/05/25 19:27:20.882] - eth_getBalance
[2022/05/25 19:27:20.887] - eth_getTransactionCount
[2022/05/25 19:27:20.952] - eth_getTransactionCount
[2022/05/25 19:27:20.955] - eth_getBalance
[2022/05/25 19:27:20.957] - eth_getTransactionCount
[2022/05/25 19:27:20.965] - eth_getBalance
[2022/05/25 19:27:20.966] - eth_getTransactionCount
[2022/05/25 19:27:20.966] - eth_getBalance
[2022/05/25 19:27:20.966] - eth_getTransactionCount
[2022/05/25 19:27:20.969] - eth_getBalance
[2022/05/25 19:27:20.970] - eth_getTransactionCount
[2022/05/25 19:27:20.972] - eth_getBalance
[2022/05/25 19:27:20.974] - eth_getTransactionCount
[2022/05/25 19:27:20.979] - eth_getBalance
[2022/05/25 19:27:20.980] - eth_getTransactionCount
[2022/05/25 19:27:20.982] - eth_getBalance
[2022/05/25 19:27:20.984] - eth_getTransactionCount
[2022/05/25 19:27:20.987] - eth_getBalance
[2022/05/25 19:27:20.989] - eth_getTransactionCount
[2022/05/25 19:27:20.991] - eth_getBalance
[2022/05/25 19:27:20.993] - eth_getTransactionCount
[2022/05/25 21:51:41.102] - eth_unsubscribe
[2022/05/25 21:51:41.110] - eth_unsubscribe
