[2022/06/05 00:45:52.876] - Starting server with initial configuration: {"gasLimit":6721975,"gasPrice":20000000000,"hardfork":"muirGlacier","hostname":"127.0.0.1","port":7545,"network_id":5777,"default_balance_ether":100,"total_accounts":10,"unlocked_accounts":[],"locked":false,"vmErrorsOnRPCResponse":true,"verbose":false,"db_path":"/Users/tlacuilose/Library/Application Support/Ganache/workspaces/Nekobasu/chaindata","logDirectory":"/Users/tlacuilose/Documents/ts/kobasu/nekobasu/logs"}
[2022/06/05 00:45:53.050] - eth_getCode
[2022/06/05 00:45:53.052] - eth_subscribe
[2022/06/05 00:45:53.054] - eth_getLogs
[2022/06/05 00:45:53.057] - eth_subscribe
[2022/06/05 00:45:53.077] - eth_getCode
[2022/06/05 00:45:53.107] - eth_getCode
[2022/06/05 00:45:53.108] - eth_subscribe
[2022/06/05 00:45:53.108] - eth_getLogs
[2022/06/05 00:45:53.109] - eth_subscribe
[2022/06/05 00:45:53.119] - eth_getCode
[2022/06/05 00:45:53.212] - eth_blockNumber
[2022/06/05 00:45:53.213] - eth_accounts
[2022/06/05 00:45:53.213] - eth_gasPrice
[2022/06/05 00:45:53.214] - eth_getBlockByNumber
[2022/06/05 00:45:53.214] - eth_subscribe
[2022/06/05 00:45:53.229] - eth_accounts
[2022/06/05 00:45:53.294] - eth_getBalance
[2022/06/05 00:45:53.301] - eth_getTransactionCount
[2022/06/05 00:45:53.305] - eth_getBalance
[2022/06/05 00:45:53.313] - eth_getTransactionCount
[2022/06/05 00:45:53.316] - eth_getBalance
[2022/06/05 00:45:53.321] - eth_getTransactionCount
[2022/06/05 00:45:53.330] - eth_getBalance
[2022/06/05 00:45:53.335] - eth_getTransactionCount
[2022/06/05 00:45:53.338] - eth_getBalance
[2022/06/05 00:45:53.349] - eth_getTransactionCount
[2022/06/05 00:45:53.355] - eth_getBalance
[2022/06/05 00:45:53.358] - eth_getTransactionCount
[2022/06/05 00:45:53.360] - eth_getBalance
[2022/06/05 00:45:53.362] - eth_getTransactionCount
[2022/06/05 00:45:53.365] - eth_getBalance
[2022/06/05 00:45:53.367] - eth_getTransactionCount
[2022/06/05 00:45:53.370] - eth_getBalance
[2022/06/05 00:45:53.374] - eth_getTransactionCount
[2022/06/05 00:45:53.377] - eth_getBalance
[2022/06/05 00:45:53.380] - eth_getTransactionCount
[2022/06/05 00:45:53.386] - eth_getBalance
[2022/06/05 00:45:53.389] - eth_getTransactionCount
[2022/06/05 00:45:53.392] - eth_getBalance
[2022/06/05 00:45:53.394] - eth_getTransactionCount
[2022/06/05 00:45:53.397] - eth_getBalance
[2022/06/05 00:45:53.400] - eth_getTransactionCount
[2022/06/05 00:45:53.403] - eth_getBalance
[2022/06/05 00:45:53.412] - eth_getTransactionCount
[2022/06/05 00:45:53.415] - eth_getBalance
[2022/06/05 00:45:53.417] - eth_getTransactionCount
[2022/06/05 00:45:53.427] - eth_getBalance
[2022/06/05 00:45:53.430] - eth_getTransactionCount
[2022/06/05 00:45:53.433] - eth_getBalance
[2022/06/05 00:45:53.436] - eth_getTransactionCount
[2022/06/05 00:45:53.449] - eth_getBalance
[2022/06/05 00:45:53.454] - eth_getTransactionCount
[2022/06/05 00:45:53.456] - eth_getBalance
[2022/06/05 00:45:53.459] - eth_getTransactionCount
[2022/06/05 00:45:53.462] - eth_getBalance
[2022/06/05 00:45:53.466] - eth_getTransactionCount
[2022/06/05 00:45:53.481] - eth_blockNumber
[2022/06/05 00:45:53.481] - eth_accounts
[2022/06/05 00:45:53.482] - eth_gasPrice
[2022/06/05 00:45:53.482] - eth_getBlockByNumber
[2022/06/05 00:45:53.482] - eth_subscribe
[2022/06/05 00:45:54.162] - eth_getBalance
[2022/06/05 00:45:54.166] - eth_getTransactionCount
[2022/06/05 00:45:54.172] - eth_getBalance
[2022/06/05 00:45:54.175] - eth_getTransactionCount
[2022/06/05 00:45:54.179] - eth_getBalance
[2022/06/05 00:45:54.185] - eth_getTransactionCount
[2022/06/05 00:45:54.190] - eth_getBalance
[2022/06/05 00:45:54.196] - eth_getTransactionCount
[2022/06/05 00:45:54.199] - eth_getBalance
[2022/06/05 00:45:54.209] - eth_getTransactionCount
[2022/06/05 00:45:54.213] - eth_getBalance
[2022/06/05 00:45:54.226] - eth_getTransactionCount
[2022/06/05 00:45:54.227] - eth_getBalance
[2022/06/05 00:45:54.232] - eth_getTransactionCount
[2022/06/05 00:45:54.235] - eth_getBalance
[2022/06/05 00:45:54.238] - eth_getTransactionCount
[2022/06/05 00:45:54.243] - eth_getBalance
[2022/06/05 00:45:54.247] - eth_getTransactionCount
[2022/06/05 00:45:54.250] - eth_getBalance
[2022/06/05 00:45:54.257] - eth_getTransactionCount
[2022/06/05 00:45:54.284] - eth_getBalance
[2022/06/05 00:45:54.287] - eth_getTransactionCount
[2022/06/05 00:45:54.289] - eth_getBalance
[2022/06/05 00:45:54.298] - eth_getTransactionCount
[2022/06/05 00:45:54.299] - eth_getBalance
[2022/06/05 00:45:54.304] - eth_getTransactionCount
[2022/06/05 00:45:54.307] - eth_getBalance
[2022/06/05 00:45:54.311] - eth_getTransactionCount
[2022/06/05 00:45:54.312] - eth_getBalance
[2022/06/05 00:45:54.320] - eth_getTransactionCount
[2022/06/05 00:45:54.324] - eth_getBalance
[2022/06/05 00:45:54.326] - eth_getTransactionCount
[2022/06/05 00:45:54.328] - eth_getBalance
[2022/06/05 00:45:54.331] - eth_getTransactionCount
[2022/06/05 00:45:54.334] - eth_getBalance
[2022/06/05 00:45:54.337] - eth_getTransactionCount
[2022/06/05 00:45:54.341] - eth_getBalance
[2022/06/05 00:45:54.347] - eth_getTransactionCount
[2022/06/05 00:45:54.347] - eth_getBalance
[2022/06/05 00:45:54.351] - eth_getTransactionCount
[2022/06/05 00:47:00.236] - eth_chainId
[2022/06/05 00:47:00.354] - eth_chainId
[2022/06/05 00:47:00.520] - eth_chainId
[2022/06/05 00:47:00.657] - eth_chainId
[2022/06/05 00:47:20.719] - eth_chainId
[2022/06/05 00:47:20.921] - eth_chainId
[2022/06/05 00:47:21.071] - eth_chainId
[2022/06/05 00:47:21.512] - eth_chainId
[2022/06/05 00:47:22.572] - eth_chainId
[2022/06/05 00:47:22.717] - eth_chainId
[2022/06/05 00:47:22.806] - eth_chainId
[2022/06/05 00:48:54.876] - eth_chainId
[2022/06/05 00:49:44.504] - eth_chainId
[2022/06/05 00:49:45.319] - eth_chainId
[2022/06/05 00:49:45.466] - eth_chainId
[2022/06/05 00:49:45.552] - eth_chainId
[2022/06/05 00:49:56.191] - eth_chainId
[2022/06/05 00:54:06.060] - eth_getBlockByNumber
[2022/06/05 00:54:06.104] - eth_getBlockTransactionCountByHash
[2022/06/05 00:54:06.127] - eth_getBlockByNumber
[2022/06/05 00:54:06.158] - eth_getBlockTransactionCountByHash
[2022/06/05 00:54:06.181] - eth_getBlockByNumber
[2022/06/05 00:54:06.208] - eth_getBlockTransactionCountByHash
[2022/06/05 00:54:06.230] - eth_getBlockByNumber
[2022/06/05 00:54:06.280] - eth_getBlockTransactionCountByHash
[2022/06/05 00:54:06.304] - eth_getBlockByNumber
[2022/06/05 00:54:06.316] - eth_getBlockTransactionCountByHash
[2022/06/05 00:54:06.330] - eth_getBlockByNumber
[2022/06/05 00:54:06.343] - eth_getBlockTransactionCountByHash
[2022/06/05 00:54:06.354] - eth_getBlockByNumber
[2022/06/05 00:54:06.366] - eth_getBlockTransactionCountByHash
[2022/06/05 00:54:06.375] - eth_getBlockByNumber
[2022/06/05 00:54:06.384] - eth_getBlockTransactionCountByHash
[2022/06/05 00:54:06.394] - eth_getBlockByNumber
[2022/06/05 00:54:06.404] - eth_getBlockTransactionCountByHash
[2022/06/05 00:54:06.413] - eth_getBlockByNumber
[2022/06/05 00:54:06.425] - eth_getBlockTransactionCountByHash
[2022/06/05 00:54:06.433] - eth_getBlockByNumber
[2022/06/05 00:54:06.444] - eth_getBlockTransactionCountByHash
[2022/06/05 00:54:06.455] - eth_getBlockByNumber
[2022/06/05 00:54:06.465] - eth_getBlockTransactionCountByHash
[2022/06/05 00:54:06.476] - eth_getBlockByNumber
[2022/06/05 00:54:06.490] - eth_getBlockTransactionCountByHash
[2022/06/05 00:54:06.502] - eth_getBlockByNumber
[2022/06/05 00:54:06.514] - eth_getBlockTransactionCountByHash
[2022/06/05 00:54:06.523] - eth_getBlockByNumber
[2022/06/05 00:54:06.537] - eth_getBlockTransactionCountByHash
[2022/06/05 00:54:06.549] - eth_getBlockByNumber
[2022/06/05 00:54:06.559] - eth_getBlockTransactionCountByHash
[2022/06/05 00:54:07.380] - eth_getBlockByNumber
[2022/06/05 00:54:07.417] - eth_getTransactionReceipt
[2022/06/05 00:54:07.437] - eth_getBlockByNumber
[2022/06/05 00:54:07.453] - eth_getTransactionReceipt
[2022/06/05 00:54:07.473] - eth_getBlockByNumber
[2022/06/05 00:54:07.492] - eth_getTransactionReceipt
[2022/06/05 00:54:07.507] - eth_getBlockByNumber
[2022/06/05 00:54:07.532] - eth_getTransactionReceipt
[2022/06/05 00:54:07.552] - eth_getBlockByNumber
[2022/06/05 00:54:07.566] - eth_getTransactionReceipt
[2022/06/05 00:54:07.580] - eth_getBlockByNumber
[2022/06/05 00:54:07.593] - eth_getTransactionReceipt
[2022/06/05 00:54:07.612] - eth_getBlockByNumber
[2022/06/05 00:54:07.626] - eth_getTransactionReceipt
[2022/06/05 00:54:07.641] - eth_getBlockByNumber
[2022/06/05 00:54:07.653] - eth_getTransactionReceipt
[2022/06/05 00:54:07.672] - eth_getBlockByNumber
[2022/06/05 00:54:07.688] - eth_getTransactionReceipt
[2022/06/05 00:54:07.703] - eth_getBlockByNumber
[2022/06/05 00:54:07.713] - eth_getTransactionReceipt
[2022/06/05 00:54:07.725] - eth_getBlockByNumber
[2022/06/05 00:54:07.738] - eth_getTransactionReceipt
[2022/06/05 00:54:12.257] - eth_getBlockByNumber
[2022/06/05 00:54:12.277] - eth_getTransactionReceipt
[2022/06/05 00:54:12.299] - eth_getBlockByNumber
[2022/06/05 00:54:12.314] - eth_getTransactionReceipt
[2022/06/05 00:54:12.334] - eth_getBlockByNumber
[2022/06/05 00:54:12.358] - eth_getTransactionReceipt
[2022/06/05 00:54:12.382] - eth_getBlockByNumber
[2022/06/05 00:54:12.397] - eth_getTransactionReceipt
[2022/06/05 00:54:12.421] - eth_getBlockByNumber
[2022/06/05 00:54:12.438] - eth_getTransactionReceipt
[2022/06/05 00:54:12.459] - eth_getBlockByNumber
[2022/06/05 00:54:12.472] - eth_getTransactionReceipt
[2022/06/05 00:54:12.489] - eth_getBlockByNumber
[2022/06/05 00:54:12.504] - eth_getTransactionReceipt
[2022/06/05 00:54:12.522] - eth_getBlockByNumber
[2022/06/05 00:54:12.538] - eth_getTransactionReceipt
[2022/06/05 00:54:12.560] - eth_getBlockByNumber
[2022/06/05 00:54:12.575] - eth_getTransactionReceipt
[2022/06/05 00:54:12.596] - eth_getBlockByNumber
[2022/06/05 00:54:12.612] - eth_getTransactionReceipt
[2022/06/05 00:54:12.636] - eth_getBlockByNumber
[2022/06/05 00:54:12.652] - eth_getTransactionReceipt
[2022/06/05 00:54:13.705] - eth_getLogs
[2022/06/05 00:58:29.358] - eth_unsubscribe
[2022/06/05 00:58:29.360] - eth_unsubscribe
