[2022/05/20 18:56:42.608] - Starting server with initial configuration: {"gasLimit":6721975,"gasPrice":20000000000,"hardfork":"muirGlacier","hostname":"127.0.0.1","port":7545,"network_id":5777,"default_balance_ether":100,"total_accounts":10,"unlocked_accounts":[],"locked":false,"vmErrorsOnRPCResponse":true,"verbose":false,"db_path":"/Users/tlacuilose/Library/Application Support/Ganache/workspaces/imported-family/chaindata","logDirectory":"/Users/tlacuilose/Documents/ts/kobasu/nekobasu/logs"}
[2022/05/20 18:56:42.736] - eth_getCode
[2022/05/20 18:56:42.736] - eth_subscribe
[2022/05/20 18:56:42.736] - eth_getLogs
[2022/05/20 18:56:42.737] - eth_subscribe
[2022/05/20 18:56:42.777] - eth_getCode
[2022/05/20 18:56:42.778] - eth_subscribe
[2022/05/20 18:56:42.778] - eth_getLogs
[2022/05/20 18:56:42.779] - eth_subscribe
[2022/05/20 18:56:42.799] - eth_blockNumber
[2022/05/20 18:56:42.799] - eth_accounts
[2022/05/20 18:56:42.799] - eth_gasPrice
[2022/05/20 18:56:42.799] - eth_getBlockByNumber
[2022/05/20 18:56:42.799] - eth_subscribe
[2022/05/20 18:56:42.811] - eth_blockNumber
[2022/05/20 18:56:42.811] - eth_accounts
[2022/05/20 18:56:42.811] - eth_gasPrice
[2022/05/20 18:56:42.812] - eth_getBlockByNumber
[2022/05/20 18:56:42.812] - eth_subscribe
[2022/05/20 18:56:42.832] - eth_getBalance
[2022/05/20 18:56:42.835] - eth_getTransactionCount
[2022/05/20 18:56:42.838] - eth_getBalance
[2022/05/20 18:56:42.840] - eth_getTransactionCount
[2022/05/20 18:56:42.844] - eth_getBalance
[2022/05/20 18:56:42.848] - eth_getTransactionCount
[2022/05/20 18:56:42.851] - eth_getBalance
[2022/05/20 18:56:42.853] - eth_getTransactionCount
[2022/05/20 18:56:42.855] - eth_getBalance
[2022/05/20 18:56:42.861] - eth_getTransactionCount
[2022/05/20 18:56:42.863] - eth_getBalance
[2022/05/20 18:56:42.866] - eth_getTransactionCount
[2022/05/20 18:56:42.868] - eth_getBalance
[2022/05/20 18:56:42.870] - eth_getTransactionCount
[2022/05/20 18:56:42.872] - eth_getBalance
[2022/05/20 18:56:42.874] - eth_getTransactionCount
[2022/05/20 18:56:42.876] - eth_getBalance
[2022/05/20 18:56:42.878] - eth_getTransactionCount
[2022/05/20 18:56:42.880] - eth_getBalance
[2022/05/20 18:56:42.882] - eth_getTransactionCount
[2022/05/20 18:56:42.885] - eth_getBalance
[2022/05/20 18:56:42.886] - eth_getTransactionCount
[2022/05/20 18:56:42.888] - eth_getBalance
[2022/05/20 18:56:42.890] - eth_getTransactionCount
[2022/05/20 18:56:42.893] - eth_getBalance
[2022/05/20 18:56:42.895] - eth_getTransactionCount
[2022/05/20 18:56:42.897] - eth_getBalance
[2022/05/20 18:56:42.898] - eth_getTransactionCount
[2022/05/20 18:56:42.900] - eth_getBalance
[2022/05/20 18:56:42.902] - eth_getTransactionCount
[2022/05/20 18:56:42.905] - eth_getBalance
[2022/05/20 18:56:42.906] - eth_getTransactionCount
[2022/05/20 18:56:42.913] - eth_getBalance
[2022/05/20 18:56:42.914] - eth_getTransactionCount
[2022/05/20 18:56:42.914] - eth_getBalance
[2022/05/20 18:56:42.914] - eth_getTransactionCount
[2022/05/20 18:56:42.917] - eth_getBalance
[2022/05/20 18:56:42.918] - eth_getTransactionCount
[2022/05/20 18:56:42.920] - eth_getBalance
[2022/05/20 18:56:42.922] - eth_getTransactionCount
[2022/05/20 18:56:42.960] - eth_getBalance
[2022/05/20 18:56:42.967] - eth_getTransactionCount
[2022/05/20 18:56:42.969] - eth_getBalance
[2022/05/20 18:56:42.970] - eth_getTransactionCount
[2022/05/20 18:56:42.972] - eth_getBalance
[2022/05/20 18:56:42.974] - eth_getTransactionCount
[2022/05/20 18:56:42.976] - eth_getBalance
[2022/05/20 18:56:42.978] - eth_getTransactionCount
[2022/05/20 18:56:42.984] - eth_getBalance
[2022/05/20 18:56:42.987] - eth_getTransactionCount
[2022/05/20 18:56:42.992] - eth_getBalance
[2022/05/20 18:56:42.992] - eth_getTransactionCount
[2022/05/20 18:56:42.992] - eth_getBalance
[2022/05/20 18:56:42.993] - eth_getTransactionCount
[2022/05/20 18:56:42.998] - eth_getBalance
[2022/05/20 18:56:43.004] - eth_getTransactionCount
[2022/05/20 18:56:43.009] - eth_getBalance
[2022/05/20 18:56:43.012] - eth_getTransactionCount
[2022/05/20 18:56:43.015] - eth_getBalance
[2022/05/20 18:56:43.016] - eth_getTransactionCount
[2022/05/20 18:56:43.018] - eth_getBalance
[2022/05/20 18:56:43.025] - eth_getTransactionCount
[2022/05/20 18:56:43.027] - eth_getBalance
[2022/05/20 18:56:43.033] - eth_getTransactionCount
[2022/05/20 18:56:43.035] - eth_getBalance
[2022/05/20 18:56:43.037] - eth_getTransactionCount
[2022/05/20 18:56:43.039] - eth_getBalance
[2022/05/20 18:56:43.041] - eth_getTransactionCount
[2022/05/20 18:56:43.043] - eth_getBalance
[2022/05/20 18:56:43.045] - eth_getTransactionCount
[2022/05/20 18:56:43.046] - eth_getBalance
[2022/05/20 18:56:43.048] - eth_getTransactionCount
[2022/05/20 18:56:43.050] - eth_getBalance
[2022/05/20 18:56:43.052] - eth_getTransactionCount
[2022/05/20 18:56:43.054] - eth_getBalance
[2022/05/20 18:56:43.056] - eth_getTransactionCount
[2022/05/20 18:56:43.058] - eth_getBalance
[2022/05/20 18:56:43.060] - eth_getTransactionCount
[2022/05/20 18:56:43.062] - eth_getBalance
[2022/05/20 18:56:43.063] - eth_getTransactionCount
[2022/05/20 18:56:49.393] - eth_blockNumber
[2022/05/20 18:56:49.407] - net_version
[2022/05/20 18:56:49.412] - eth_accounts
[2022/05/20 18:56:49.427] - eth_getBlockByNumber
[2022/05/20 18:56:49.439] - eth_accounts
[2022/05/20 18:56:49.456] - eth_getBlockByNumber
[2022/05/20 18:56:49.466] - eth_getBlockByNumber
[2022/05/20 18:56:49.474] - eth_getBlockByNumber
[2022/05/20 18:56:49.483] - eth_estimateGas
[2022/05/20 18:56:49.622] - eth_getBlockByNumber
[2022/05/20 18:56:49.622] - eth_blockNumber
[2022/05/20 18:56:49.633] - eth_estimateGas
[2022/05/20 18:56:49.693] - eth_getBlockByNumber
[2022/05/20 18:56:49.695] - eth_gasPrice
[2022/05/20 18:56:49.705] - eth_sendTransaction
[2022/05/20 18:56:49.790] - 
[2022/05/20 18:56:49.790] -   Transaction: 0xcd146de40e5d80a602c04249a6a046893d218f8de3dd37779a9ee981cba909b0
[2022/05/20 18:56:49.790] -   Contract created: 0x192ffe8ddfcff236b1f5b6019c0af7ca9cab4784
[2022/05/20 18:56:49.790] -   Gas usage: 248854
[2022/05/20 18:56:49.790] -   Block Number: 1
[2022/05/20 18:56:49.792] -   Block Time: Fri May 20 2022 18:56:49 GMT-0500 (Central Daylight Time)
[2022/05/20 18:56:49.792] - 
[2022/05/20 18:56:49.796] - eth_getBlockByNumber
[2022/05/20 18:56:49.797] - eth_getTransactionReceipt
[2022/05/20 18:56:49.803] - eth_getBalance
[2022/05/20 18:56:49.852] - eth_getTransactionCount
[2022/05/20 18:56:49.863] - eth_getBalance
[2022/05/20 18:56:49.867] - eth_getTransactionCount
[2022/05/20 18:56:49.868] - eth_getCode
[2022/05/20 18:56:49.868] - eth_getBalance
[2022/05/20 18:56:49.869] - eth_getTransactionCount
[2022/05/20 18:56:49.871] - eth_getBalance
[2022/05/20 18:56:49.872] - eth_getTransactionCount
[2022/05/20 18:56:49.872] - eth_getBalance
[2022/05/20 18:56:49.872] - eth_getTransactionCount
[2022/05/20 18:56:49.875] - eth_getBalance
[2022/05/20 18:56:49.876] - eth_getTransactionCount
[2022/05/20 18:56:49.876] - eth_getBalance
[2022/05/20 18:56:49.876] - eth_getTransactionCount
[2022/05/20 18:56:49.877] - eth_getBalance
[2022/05/20 18:56:49.880] - eth_getTransactionCount
[2022/05/20 18:56:49.881] - eth_getBalance
[2022/05/20 18:56:49.881] - eth_getTransactionCount
[2022/05/20 18:56:49.881] - eth_getBalance
[2022/05/20 18:56:49.885] - eth_getTransactionCount
[2022/05/20 18:56:49.895] - eth_getTransactionByHash
[2022/05/20 18:56:49.962] - eth_getBlockByNumber
[2022/05/20 18:56:49.970] - eth_getBalance
[2022/05/20 18:56:49.978] - eth_getBlockByNumber
[2022/05/20 18:56:49.988] - eth_getBlockByNumber
[2022/05/20 18:56:49.997] - eth_estimateGas
[2022/05/20 18:56:50.124] - eth_getBlockByNumber
[2022/05/20 18:56:50.125] - eth_gasPrice
[2022/05/20 18:56:50.135] - eth_sendTransaction
[2022/05/20 18:56:50.202] - 
[2022/05/20 18:56:50.203] -   Transaction: 0x495f804614c8b00142cf181bcc8a3ed8f8a96160538fae21601a1c9c04893ee7
[2022/05/20 18:56:50.204] -   Gas usage: 42513
[2022/05/20 18:56:50.205] -   Block Number: 2
[2022/05/20 18:56:50.205] -   Block Time: Fri May 20 2022 18:56:50 GMT-0500 (Central Daylight Time)
[2022/05/20 18:56:50.205] - 
[2022/05/20 18:56:50.210] - eth_getBlockByNumber
[2022/05/20 18:56:50.215] - eth_getBalance
[2022/05/20 18:56:50.219] - eth_getTransactionCount
[2022/05/20 18:56:50.230] - eth_getBalance
[2022/05/20 18:56:50.233] - eth_getTransactionReceipt
[2022/05/20 18:56:50.233] - eth_getTransactionCount
[2022/05/20 18:56:50.233] - eth_getBalance
[2022/05/20 18:56:50.237] - eth_getTransactionCount
[2022/05/20 18:56:50.238] - eth_getBalance
[2022/05/20 18:56:50.238] - eth_getTransactionCount
[2022/05/20 18:56:50.239] - eth_getBalance
[2022/05/20 18:56:50.243] - eth_getTransactionCount
[2022/05/20 18:56:50.244] - eth_getBalance
[2022/05/20 18:56:50.244] - eth_getTransactionCount
[2022/05/20 18:56:50.257] - eth_getBalance
[2022/05/20 18:56:50.261] - eth_getTransactionCount
[2022/05/20 18:56:50.263] - eth_getBalance
[2022/05/20 18:56:50.276] - eth_getTransactionCount
[2022/05/20 18:56:50.278] - eth_getBalance
[2022/05/20 18:56:50.282] - eth_getTransactionCount
[2022/05/20 18:56:50.284] - eth_getBlockByNumber
[2022/05/20 18:56:50.285] - eth_getBalance
[2022/05/20 18:56:50.285] - eth_getTransactionCount
[2022/05/20 18:56:50.336] - eth_accounts
[2022/05/20 18:56:50.352] - net_version
[2022/05/20 18:56:50.357] - eth_getBlockByNumber
[2022/05/20 18:56:50.363] - eth_getBlockByNumber
[2022/05/20 18:56:50.370] - net_version
[2022/05/20 18:56:50.374] - eth_getBlockByNumber
[2022/05/20 18:56:50.382] - eth_estimateGas
[2022/05/20 18:56:50.500] - net_version
[2022/05/20 18:56:50.501] - eth_blockNumber
[2022/05/20 18:56:50.505] - eth_getBlockByNumber
[2022/05/20 18:56:50.517] - eth_estimateGas
[2022/05/20 18:56:50.582] - eth_getBlockByNumber
[2022/05/20 18:56:50.584] - eth_gasPrice
[2022/05/20 18:56:50.593] - eth_sendTransaction
[2022/05/20 18:56:50.669] - 
[2022/05/20 18:56:50.670] -   Transaction: 0xe7a55798c843e222f76efd4848a70c487434627dce8827cc94e625d80ad1fd2b
[2022/05/20 18:56:50.670] -   Contract created: 0x4067416f9225d3d3b7dabd2b51626836ef766bf2
[2022/05/20 18:56:50.670] -   Gas usage: 404190
[2022/05/20 18:56:50.670] -   Block Number: 3
[2022/05/20 18:56:50.671] -   Block Time: Fri May 20 2022 18:56:50 GMT-0500 (Central Daylight Time)
[2022/05/20 18:56:50.671] - 
[2022/05/20 18:56:50.673] - eth_getBlockByNumber
[2022/05/20 18:56:50.679] - eth_getBalance
[2022/05/20 18:56:50.679] - eth_getTransactionReceipt
[2022/05/20 18:56:50.680] - eth_getTransactionCount
[2022/05/20 18:56:50.683] - eth_getBalance
[2022/05/20 18:56:50.687] - eth_getTransactionCount
[2022/05/20 18:56:50.688] - eth_getBalance
[2022/05/20 18:56:50.693] - eth_getTransactionCount
[2022/05/20 18:56:50.694] - eth_getBalance
[2022/05/20 18:56:50.695] - eth_getTransactionCount
[2022/05/20 18:56:50.698] - eth_getCode
[2022/05/20 18:56:50.702] - eth_getBalance
[2022/05/20 18:56:50.702] - eth_getTransactionCount
[2022/05/20 18:56:50.705] - eth_getBalance
[2022/05/20 18:56:50.707] - eth_getTransactionCount
[2022/05/20 18:56:50.709] - eth_getBalance
[2022/05/20 18:56:50.723] - eth_getTransactionCount
[2022/05/20 18:56:50.724] - eth_getBalance
[2022/05/20 18:56:50.724] - eth_getTransactionCount
[2022/05/20 18:56:50.732] - eth_getBalance
[2022/05/20 18:56:50.732] - eth_getTransactionCount
[2022/05/20 18:56:50.733] - eth_getBalance
[2022/05/20 18:56:50.733] - eth_getTransactionCount
[2022/05/20 18:56:50.746] - eth_getTransactionByHash
[2022/05/20 18:56:50.808] - eth_getBlockByNumber
[2022/05/20 18:56:50.819] - eth_getBlockByNumber
[2022/05/20 18:56:50.820] - eth_getBalance
[2022/05/20 18:56:50.835] - eth_getBlockByNumber
[2022/05/20 18:56:50.841] - eth_getBlockByNumber
[2022/05/20 18:56:50.849] - eth_getBlockByNumber
[2022/05/20 18:56:50.855] - eth_estimateGas
[2022/05/20 18:56:50.999] - eth_getBlockByNumber
[2022/05/20 18:56:51.001] - eth_gasPrice
[2022/05/20 18:56:51.007] - eth_sendTransaction
[2022/05/20 18:56:51.062] - 
[2022/05/20 18:56:51.062] -   Transaction: 0x6084910a7ba39ba01ef63cfa3ecb4cbf8a4c4b46b9f4529cc57703ea71089acd
[2022/05/20 18:56:51.062] -   Gas usage: 27513
[2022/05/20 18:56:51.062] -   Block Number: 4
[2022/05/20 18:56:51.062] -   Block Time: Fri May 20 2022 18:56:51 GMT-0500 (Central Daylight Time)
[2022/05/20 18:56:51.062] - 
[2022/05/20 18:56:51.063] - eth_getBlockByNumber
[2022/05/20 18:56:51.063] - eth_getTransactionReceipt
[2022/05/20 18:56:51.068] - eth_getBalance
[2022/05/20 18:56:51.078] - eth_getTransactionCount
[2022/05/20 18:56:51.091] - eth_getBalance
[2022/05/20 18:56:51.092] - eth_getTransactionCount
[2022/05/20 18:56:51.109] - eth_getBalance
[2022/05/20 18:56:51.110] - eth_getTransactionCount
[2022/05/20 18:56:51.121] - eth_getBalance
[2022/05/20 18:56:51.123] - eth_getTransactionCount
[2022/05/20 18:56:51.123] - eth_getBalance
[2022/05/20 18:56:51.124] - eth_getTransactionCount
[2022/05/20 18:56:51.129] - eth_getBalance
[2022/05/20 18:56:51.130] - eth_getTransactionCount
[2022/05/20 18:56:51.130] - eth_getBalance
[2022/05/20 18:56:51.131] - eth_getTransactionCount
[2022/05/20 18:56:51.131] - eth_getBalance
[2022/05/20 18:56:51.143] - eth_getTransactionCount
[2022/05/20 18:56:51.144] - eth_getBalance
[2022/05/20 18:56:51.144] - eth_getTransactionCount
[2022/05/20 18:56:51.144] - eth_getBalance
[2022/05/20 18:56:51.144] - eth_getTransactionCount
[2022/05/20 18:57:19.222] - eth_blockNumber
[2022/05/20 18:57:19.233] - net_version
[2022/05/20 18:57:19.240] - eth_accounts
[2022/05/20 19:26:30.082] - eth_blockNumber
[2022/05/20 19:26:30.094] - net_version
[2022/05/20 19:26:30.100] - eth_accounts
[2022/05/20 19:26:30.116] - eth_getBlockByNumber
[2022/05/20 19:26:30.131] - eth_accounts
[2022/05/20 19:26:30.142] - eth_getBlockByNumber
[2022/05/20 19:26:30.157] - eth_getBlockByNumber
[2022/05/20 19:26:30.171] - eth_getBlockByNumber
[2022/05/20 19:26:30.184] - eth_estimateGas
[2022/05/20 19:26:30.308] - eth_getBlockByNumber
[2022/05/20 19:26:30.310] - eth_blockNumber
[2022/05/20 19:26:30.320] - eth_estimateGas
[2022/05/20 19:26:30.401] - eth_getBlockByNumber
[2022/05/20 19:26:30.402] - eth_gasPrice
[2022/05/20 19:26:30.426] - eth_sendTransaction
[2022/05/20 19:26:30.481] - 
[2022/05/20 19:26:30.482] -   Transaction: 0xbe8ffbceaa9dd17f84b8355432b4b16fdde1d224f4a09b9cb0fcb5e6c459aa82
[2022/05/20 19:26:30.482] -   Contract created: 0xcc75c36a401d6eec893aeb3be3f5cef76e5b72bd
[2022/05/20 19:26:30.482] -   Gas usage: 248854
[2022/05/20 19:26:30.483] -   Block Number: 5
[2022/05/20 19:26:30.483] -   Block Time: Fri May 20 2022 19:26:30 GMT-0500 (Central Daylight Time)
[2022/05/20 19:26:30.483] - 
[2022/05/20 19:26:30.486] - eth_getBlockByNumber
[2022/05/20 19:26:30.487] - eth_getTransactionReceipt
[2022/05/20 19:26:30.491] - eth_getBalance
[2022/05/20 19:26:30.492] - eth_getTransactionCount
[2022/05/20 19:26:30.500] - eth_getBalance
[2022/05/20 19:26:30.502] - eth_getTransactionCount
[2022/05/20 19:26:30.512] - eth_getBalance
[2022/05/20 19:26:30.513] - eth_getTransactionCount
[2022/05/20 19:26:30.514] - eth_getCode
[2022/05/20 19:26:30.546] - eth_getBalance
[2022/05/20 19:26:30.570] - eth_getTransactionCount
[2022/05/20 19:26:30.571] - eth_getBalance
[2022/05/20 19:26:30.573] - eth_getTransactionByHash
[2022/05/20 19:26:30.574] - eth_getTransactionCount
[2022/05/20 19:26:30.581] - eth_getBalance
[2022/05/20 19:26:30.592] - eth_getTransactionCount
[2022/05/20 19:26:30.592] - eth_getBalance
[2022/05/20 19:26:30.603] - eth_getTransactionCount
[2022/05/20 19:26:30.606] - eth_getBalance
[2022/05/20 19:26:30.614] - eth_getTransactionCount
[2022/05/20 19:26:30.615] - eth_getBlockByNumber
[2022/05/20 19:26:30.615] - eth_getBalance
[2022/05/20 19:26:30.615] - eth_getTransactionCount
[2022/05/20 19:26:30.615] - eth_getBalance
[2022/05/20 19:26:30.615] - eth_getTransactionCount
[2022/05/20 19:26:30.657] - eth_getBalance
[2022/05/20 19:26:30.677] - eth_getBlockByNumber
[2022/05/20 19:26:30.684] - eth_getBlockByNumber
[2022/05/20 19:26:30.696] - eth_estimateGas
[2022/05/20 19:26:30.834] - eth_getBlockByNumber
[2022/05/20 19:26:30.836] - eth_gasPrice
[2022/05/20 19:26:30.848] - eth_sendTransaction
[2022/05/20 19:26:30.929] - 
[2022/05/20 19:26:30.930] -   Transaction: 0x1db082f63212bb79c2d27b47543d7b2bb2c2f93a7da37f29d65ea3da0d313c69
[2022/05/20 19:26:30.930] -   Gas usage: 42513
[2022/05/20 19:26:30.930] -   Block Number: 6
[2022/05/20 19:26:30.941] -   Block Time: Fri May 20 2022 19:26:30 GMT-0500 (Central Daylight Time)
[2022/05/20 19:26:30.941] - 
[2022/05/20 19:26:30.950] - eth_getBlockByNumber
[2022/05/20 19:26:30.951] - eth_getBalance
[2022/05/20 19:26:30.951] - eth_getTransactionCount
[2022/05/20 19:26:30.961] - eth_getBalance
[2022/05/20 19:26:30.962] - eth_getTransactionReceipt
[2022/05/20 19:26:30.963] - eth_getTransactionCount
[2022/05/20 19:26:30.964] - eth_getBalance
[2022/05/20 19:26:30.965] - eth_getTransactionCount
[2022/05/20 19:26:30.965] - eth_getBalance
[2022/05/20 19:26:30.983] - eth_getTransactionCount
[2022/05/20 19:26:30.983] - eth_getBalance
[2022/05/20 19:26:30.984] - eth_getTransactionCount
[2022/05/20 19:26:30.984] - eth_getBalance
[2022/05/20 19:26:30.985] - eth_getTransactionCount
[2022/05/20 19:26:30.986] - eth_getBalance
[2022/05/20 19:26:30.995] - eth_getTransactionCount
[2022/05/20 19:26:30.996] - eth_getBalance
[2022/05/20 19:26:30.997] - eth_getTransactionCount
[2022/05/20 19:26:31.007] - eth_getBalance
[2022/05/20 19:26:31.007] - eth_getTransactionCount
[2022/05/20 19:26:31.007] - eth_getBalance
[2022/05/20 19:26:31.015] - eth_getTransactionCount
[2022/05/20 19:26:31.028] - eth_getBlockByNumber
[2022/05/20 19:26:31.109] - eth_accounts
[2022/05/20 19:26:31.120] - eth_getBlockByNumber
[2022/05/20 19:26:31.126] - eth_getBlockByNumber
[2022/05/20 19:26:31.131] - eth_getBlockByNumber
[2022/05/20 19:26:31.140] - eth_estimateGas
[2022/05/20 19:26:31.213] - eth_getBlockByNumber
[2022/05/20 19:26:31.214] - eth_blockNumber
[2022/05/20 19:26:31.224] - eth_estimateGas
[2022/05/20 19:26:31.309] - eth_getBlockByNumber
[2022/05/20 19:26:31.311] - eth_gasPrice
[2022/05/20 19:26:31.327] - eth_sendTransaction
[2022/05/20 19:26:31.387] - 
[2022/05/20 19:26:31.388] -   Transaction: 0x4bfae7c71743f8c2e0a0a8f7e0c067adb11b9b1cdc9a450eab816a298a61b77a
[2022/05/20 19:26:31.388] -   Contract created: 0x3eb7b17a8dc2eb973259c2c461ea7700e70efd14
[2022/05/20 19:26:31.388] -   Gas usage: 410880
[2022/05/20 19:26:31.390] -   Block Number: 7
[2022/05/20 19:26:31.391] -   Block Time: Fri May 20 2022 19:26:31 GMT-0500 (Central Daylight Time)
[2022/05/20 19:26:31.391] - 
[2022/05/20 19:26:31.391] - eth_getBlockByNumber
[2022/05/20 19:26:31.395] - eth_getTransactionReceipt
[2022/05/20 19:26:31.404] - eth_getBalance
[2022/05/20 19:26:31.405] - eth_getTransactionCount
[2022/05/20 19:26:31.413] - eth_getBalance
[2022/05/20 19:26:31.414] - eth_getTransactionCount
[2022/05/20 19:26:31.414] - eth_getBalance
[2022/05/20 19:26:31.417] - eth_getTransactionCount
[2022/05/20 19:26:31.418] - eth_getCode
[2022/05/20 19:26:31.419] - eth_getBalance
[2022/05/20 19:26:31.422] - eth_getTransactionCount
[2022/05/20 19:26:31.429] - eth_getBalance
[2022/05/20 19:26:31.431] - eth_getTransactionCount
[2022/05/20 19:26:31.434] - eth_getBalance
[2022/05/20 19:26:31.441] - eth_getTransactionCount
[2022/05/20 19:26:31.442] - eth_getBalance
[2022/05/20 19:26:31.444] - eth_getTransactionByHash
[2022/05/20 19:26:31.454] - eth_getTransactionCount
[2022/05/20 19:26:31.455] - eth_getBalance
[2022/05/20 19:26:31.460] - eth_getTransactionCount
[2022/05/20 19:26:31.461] - eth_getBalance
[2022/05/20 19:26:31.463] - eth_getTransactionCount
[2022/05/20 19:26:31.465] - eth_getBalance
[2022/05/20 19:26:31.471] - eth_getTransactionCount
[2022/05/20 19:26:31.501] - eth_getBlockByNumber
[2022/05/20 19:26:31.503] - eth_getBlockByNumber
[2022/05/20 19:26:31.529] - eth_getBalance
[2022/05/20 19:26:31.546] - eth_getBlockByNumber
[2022/05/20 19:26:31.553] - eth_getBlockByNumber
[2022/05/20 19:26:31.571] - eth_getBlockByNumber
[2022/05/20 19:26:31.602] - eth_estimateGas
[2022/05/20 19:26:31.799] - eth_getBlockByNumber
[2022/05/20 19:26:31.800] - eth_gasPrice
[2022/05/20 19:26:31.807] - eth_sendTransaction
[2022/05/20 19:26:31.864] - 
[2022/05/20 19:26:31.865] -   Transaction: 0x0acf7e65d35c28f8b5dbc151a7792a1f40229327beb768658e6aa63fbe130fca
[2022/05/20 19:26:31.865] -   Gas usage: 27513
[2022/05/20 19:26:31.865] -   Block Number: 8
[2022/05/20 19:26:31.865] -   Block Time: Fri May 20 2022 19:26:31 GMT-0500 (Central Daylight Time)
[2022/05/20 19:26:31.865] - 
[2022/05/20 19:26:31.866] - eth_getBlockByNumber
[2022/05/20 19:26:31.866] - eth_getTransactionReceipt
[2022/05/20 19:26:31.870] - eth_getBalance
[2022/05/20 19:26:31.877] - eth_getTransactionCount
[2022/05/20 19:26:31.892] - eth_getBalance
[2022/05/20 19:26:31.894] - eth_getTransactionCount
[2022/05/20 19:26:31.912] - eth_getBalance
[2022/05/20 19:26:31.914] - eth_getTransactionCount
[2022/05/20 19:26:31.915] - eth_getBalance
[2022/05/20 19:26:31.916] - eth_getTransactionCount
[2022/05/20 19:26:31.916] - eth_getBalance
[2022/05/20 19:26:31.916] - eth_getTransactionCount
[2022/05/20 19:26:31.919] - eth_getBalance
[2022/05/20 19:26:31.920] - eth_getTransactionCount
[2022/05/20 19:26:31.920] - eth_getBalance
[2022/05/20 19:26:31.921] - eth_getTransactionCount
[2022/05/20 19:26:31.926] - eth_getBalance
[2022/05/20 19:26:31.927] - eth_getTransactionCount
[2022/05/20 19:26:31.930] - eth_getBalance
[2022/05/20 19:26:31.933] - eth_getTransactionCount
[2022/05/20 19:26:31.936] - eth_getBalance
[2022/05/20 19:26:31.939] - eth_getTransactionCount
[2022/05/20 19:36:29.666] - eth_blockNumber
[2022/05/20 19:36:29.678] - net_version
[2022/05/20 19:36:29.685] - eth_accounts
[2022/05/20 19:36:29.700] - eth_getBlockByNumber
[2022/05/20 19:36:29.710] - eth_accounts
[2022/05/20 19:36:29.724] - eth_getBlockByNumber
[2022/05/20 19:36:29.731] - eth_getBlockByNumber
[2022/05/20 19:36:29.740] - eth_getBlockByNumber
[2022/05/20 19:36:29.748] - eth_estimateGas
[2022/05/20 19:36:29.895] - eth_getBlockByNumber
[2022/05/20 19:36:29.896] - eth_blockNumber
[2022/05/20 19:36:29.903] - eth_estimateGas
[2022/05/20 19:36:29.960] - eth_getBlockByNumber
[2022/05/20 19:36:29.961] - eth_gasPrice
[2022/05/20 19:36:29.969] - eth_sendTransaction
[2022/05/20 19:36:30.007] - 
[2022/05/20 19:36:30.008] -   Transaction: 0x538a2c06e9b2ee895234660523411c94a9d94ea67d3fe512238656d6f3ac3546
[2022/05/20 19:36:30.008] -   Contract created: 0x24522ac8479ff960de1cb34030294055dcd9b66c
[2022/05/20 19:36:30.008] -   Gas usage: 248854
[2022/05/20 19:36:30.008] -   Block Number: 9
[2022/05/20 19:36:30.008] -   Block Time: Fri May 20 2022 19:36:29 GMT-0500 (Central Daylight Time)
[2022/05/20 19:36:30.008] - 
[2022/05/20 19:36:30.009] - eth_getBlockByNumber
[2022/05/20 19:36:30.020] - eth_getTransactionReceipt
[2022/05/20 19:36:30.032] - eth_getCode
[2022/05/20 19:36:30.036] - eth_getBalance
[2022/05/20 19:36:30.074] - eth_getTransactionCount
[2022/05/20 19:36:30.075] - eth_getBalance
[2022/05/20 19:36:30.084] - eth_getTransactionCount
[2022/05/20 19:36:30.085] - eth_getTransactionByHash
[2022/05/20 19:36:30.090] - eth_getBalance
[2022/05/20 19:36:30.093] - eth_getTransactionCount
[2022/05/20 19:36:30.100] - eth_getBalance
[2022/05/20 19:36:30.138] - eth_getTransactionCount
[2022/05/20 19:36:30.139] - eth_getBalance
[2022/05/20 19:36:30.140] - eth_getTransactionCount
[2022/05/20 19:36:30.140] - eth_getBalance
[2022/05/20 19:36:30.141] - eth_getTransactionCount
[2022/05/20 19:36:30.156] - eth_getBalance
[2022/05/20 19:36:30.162] - eth_getBlockByNumber
[2022/05/20 19:36:30.163] - eth_getTransactionCount
[2022/05/20 19:36:30.164] - eth_getBalance
[2022/05/20 19:36:30.164] - eth_getTransactionCount
[2022/05/20 19:36:30.174] - eth_getBalance
[2022/05/20 19:36:30.175] - eth_getTransactionCount
[2022/05/20 19:36:30.191] - eth_getBalance
[2022/05/20 19:36:30.227] - eth_getTransactionCount
[2022/05/20 19:36:30.229] - eth_getBalance
[2022/05/20 19:36:30.296] - eth_getBlockByNumber
[2022/05/20 19:36:30.308] - eth_getBlockByNumber
[2022/05/20 19:36:30.316] - eth_estimateGas
[2022/05/20 19:36:30.476] - eth_getBlockByNumber
[2022/05/20 19:36:30.484] - eth_gasPrice
[2022/05/20 19:36:30.490] - eth_sendTransaction
[2022/05/20 19:36:30.548] - 
[2022/05/20 19:36:30.548] -   Transaction: 0x1d02e3d69cc78a7ec65155ab376e4f977983b6eb40b27b78c45c0d2dcdf234fa
[2022/05/20 19:36:30.548] -   Gas usage: 42513
[2022/05/20 19:36:30.549] -   Block Number: 10
[2022/05/20 19:36:30.550] -   Block Time: Fri May 20 2022 19:36:30 GMT-0500 (Central Daylight Time)
[2022/05/20 19:36:30.550] - 
[2022/05/20 19:36:30.566] - eth_getBlockByNumber
[2022/05/20 19:36:30.568] - eth_getTransactionReceipt
[2022/05/20 19:36:30.591] - eth_getBalance
[2022/05/20 19:36:30.596] - eth_getTransactionCount
[2022/05/20 19:36:30.614] - eth_getBlockByNumber
[2022/05/20 19:36:30.630] - eth_getBalance
[2022/05/20 19:36:30.639] - eth_accounts
[2022/05/20 19:36:30.649] - eth_getTransactionCount
[2022/05/20 19:36:30.655] - eth_getBalance
[2022/05/20 19:36:30.657] - eth_getBlockByNumber
[2022/05/20 19:36:30.657] - eth_getTransactionCount
[2022/05/20 19:36:30.664] - eth_getBalance
[2022/05/20 19:36:30.665] - eth_getBlockByNumber
[2022/05/20 19:36:30.669] - eth_getTransactionCount
[2022/05/20 19:36:30.674] - eth_getBalance
[2022/05/20 19:36:30.675] - eth_getTransactionCount
[2022/05/20 19:36:30.680] - eth_getBlockByNumber
[2022/05/20 19:36:30.682] - eth_getBalance
[2022/05/20 19:36:30.686] - eth_getTransactionCount
[2022/05/20 19:36:30.691] - eth_getBalance
[2022/05/20 19:36:30.697] - eth_estimateGas
[2022/05/20 19:36:30.697] - eth_getTransactionCount
[2022/05/20 19:36:30.709] - eth_getBalance
[2022/05/20 19:36:30.710] - eth_getTransactionCount
[2022/05/20 19:36:30.713] - eth_getBalance
[2022/05/20 19:36:30.726] - eth_getTransactionCount
[2022/05/20 19:36:30.726] - eth_getBalance
[2022/05/20 19:36:30.782] - eth_getBlockByNumber
[2022/05/20 19:36:30.782] - eth_blockNumber
[2022/05/20 19:36:30.817] - eth_estimateGas
[2022/05/20 19:36:30.899] - eth_getBlockByNumber
[2022/05/20 19:36:30.900] - eth_gasPrice
[2022/05/20 19:36:30.906] - eth_sendTransaction
[2022/05/20 19:36:30.973] - 
[2022/05/20 19:36:30.974] -   Transaction: 0x4b425f96165e98c746e26a0ec0eb03817665c5944d17354d8405e6edc770483b
[2022/05/20 19:36:30.974] -   Contract created: 0xaaa80cf599b0bd10fe14dd86d9e32231e8548686
[2022/05/20 19:36:30.974] -   Gas usage: 445351
[2022/05/20 19:36:30.975] -   Block Number: 11
[2022/05/20 19:36:30.975] -   Block Time: Fri May 20 2022 19:36:30 GMT-0500 (Central Daylight Time)
[2022/05/20 19:36:30.977] - 
[2022/05/20 19:36:30.978] - eth_getBlockByNumber
[2022/05/20 19:36:30.979] - eth_getTransactionReceipt
[2022/05/20 19:36:30.989] - eth_getCode
[2022/05/20 19:36:30.996] - eth_getTransactionByHash
[2022/05/20 19:36:31.008] - eth_getBlockByNumber
[2022/05/20 19:36:31.015] - eth_getBalance
[2022/05/20 19:36:31.033] - eth_getBlockByNumber
[2022/05/20 19:36:31.034] - eth_getBlockByNumber
[2022/05/20 19:36:31.039] - eth_getBalance
[2022/05/20 19:36:31.045] - eth_getBlockByNumber
[2022/05/20 19:36:31.049] - eth_getBlockByNumber
[2022/05/20 19:36:31.051] - eth_getTransactionCount
[2022/05/20 19:36:31.058] - eth_estimateGas
[2022/05/20 19:36:31.089] - eth_getBalance
[2022/05/20 19:36:31.106] - eth_getTransactionCount
[2022/05/20 19:36:31.108] - eth_getBalance
[2022/05/20 19:36:31.109] - eth_getTransactionCount
[2022/05/20 19:36:31.117] - eth_getBalance
[2022/05/20 19:36:31.121] - eth_getTransactionCount
[2022/05/20 19:36:31.125] - eth_getBalance
[2022/05/20 19:36:31.142] - eth_getTransactionCount
[2022/05/20 19:36:31.143] - eth_getBalance
[2022/05/20 19:36:31.143] - eth_getTransactionCount
[2022/05/20 19:36:31.152] - eth_getTransactionCount
[2022/05/20 19:36:31.161] - eth_getBalance
[2022/05/20 19:36:31.161] - eth_getTransactionCount
[2022/05/20 19:36:31.175] - eth_getBlockByNumber
[2022/05/20 19:36:31.176] - eth_gasPrice
[2022/05/20 19:36:31.264] - eth_sendTransaction
[2022/05/20 19:36:31.350] - 
[2022/05/20 19:36:31.351] -   Transaction: 0xbcdadf886a39143df83920ed158d708a694759442e53f085c80362e0fd139b5f
[2022/05/20 19:36:31.351] -   Gas usage: 27513
[2022/05/20 19:36:31.351] -   Block Number: 12
[2022/05/20 19:36:31.351] -   Block Time: Fri May 20 2022 19:36:31 GMT-0500 (Central Daylight Time)
[2022/05/20 19:36:31.352] - 
[2022/05/20 19:36:31.355] - eth_getBlockByNumber
[2022/05/20 19:36:31.366] - eth_getTransactionReceipt
[2022/05/20 19:36:31.522] - eth_getBalance
[2022/05/20 19:36:31.540] - eth_getTransactionCount
[2022/05/20 19:36:31.541] - eth_getBalance
[2022/05/20 19:36:31.549] - eth_getTransactionCount
[2022/05/20 19:36:31.569] - eth_getBalance
[2022/05/20 19:36:31.570] - eth_getTransactionCount
[2022/05/20 19:36:31.570] - eth_getBalance
[2022/05/20 19:36:31.572] - eth_getTransactionCount
[2022/05/20 19:36:31.572] - eth_getBalance
[2022/05/20 19:36:31.578] - eth_getTransactionCount
[2022/05/20 19:36:31.582] - eth_getBalance
[2022/05/20 19:36:31.586] - eth_getBalance
[2022/05/20 19:36:31.596] - eth_getTransactionCount
[2022/05/20 19:36:31.600] - eth_getBalance
[2022/05/20 19:36:31.603] - eth_getTransactionCount
[2022/05/20 19:36:31.611] - eth_getBalance
[2022/05/20 20:03:01.722] - eth_blockNumber
[2022/05/20 20:03:01.738] - net_version
[2022/05/20 20:03:01.745] - eth_accounts
[2022/05/20 20:03:01.762] - eth_getBlockByNumber
[2022/05/20 20:03:01.774] - eth_accounts
[2022/05/20 20:03:01.789] - eth_getBlockByNumber
[2022/05/20 20:03:01.794] - eth_getBlockByNumber
[2022/05/20 20:03:01.800] - eth_getBlockByNumber
[2022/05/20 20:03:01.811] - eth_estimateGas
[2022/05/20 20:03:01.947] - eth_getBlockByNumber
[2022/05/20 20:03:01.948] - eth_blockNumber
[2022/05/20 20:03:01.956] - eth_estimateGas
[2022/05/20 20:03:02.046] - eth_getBlockByNumber
[2022/05/20 20:03:02.047] - eth_gasPrice
[2022/05/20 20:03:02.056] - eth_sendTransaction
[2022/05/20 20:03:02.111] - 
[2022/05/20 20:03:02.111] -   Transaction: 0xcd15a40a3575f7375bb8148074a25eddcc9ba4a9359cad65e117aa33db764d5e
[2022/05/20 20:03:02.111] -   Contract created: 0xa8ff04a3ab6541498f89cf31b1e21dac09e9d784
[2022/05/20 20:03:02.111] -   Gas usage: 248854
[2022/05/20 20:03:02.111] -   Block Number: 13
[2022/05/20 20:03:02.111] -   Block Time: Fri May 20 2022 20:03:02 GMT-0500 (Central Daylight Time)
[2022/05/20 20:03:02.111] - 
[2022/05/20 20:03:02.119] - eth_getBlockByNumber
[2022/05/20 20:03:02.120] - eth_getTransactionReceipt
[2022/05/20 20:03:02.127] - eth_getBalance
[2022/05/20 20:03:02.131] - eth_getCode
[2022/05/20 20:03:02.146] - eth_getTransactionCount
[2022/05/20 20:03:02.149] - eth_getTransactionByHash
[2022/05/20 20:03:02.151] - eth_getBalance
[2022/05/20 20:03:02.165] - eth_getTransactionCount
[2022/05/20 20:03:02.178] - eth_getBlockByNumber
[2022/05/20 20:03:02.185] - eth_getBalance
[2022/05/20 20:03:02.193] - eth_getBlockByNumber
[2022/05/20 20:03:02.198] - eth_getBalance
[2022/05/20 20:03:02.204] - eth_getBlockByNumber
[2022/05/20 20:03:02.215] - eth_estimateGas
[2022/05/20 20:03:02.216] - eth_getTransactionCount
[2022/05/20 20:03:02.225] - eth_getBalance
[2022/05/20 20:03:02.229] - eth_getTransactionCount
[2022/05/20 20:03:02.233] - eth_getBalance
[2022/05/20 20:03:02.238] - eth_getTransactionCount
[2022/05/20 20:03:02.245] - eth_getBalance
[2022/05/20 20:03:02.258] - eth_getTransactionCount
[2022/05/20 20:03:02.259] - eth_getBalance
[2022/05/20 20:03:02.265] - eth_getTransactionCount
[2022/05/20 20:03:02.291] - eth_getBalance
[2022/05/20 20:03:02.292] - eth_getTransactionCount
[2022/05/20 20:03:02.294] - eth_getBalance
[2022/05/20 20:03:02.295] - eth_getTransactionCount
[2022/05/20 20:03:02.298] - eth_getBalance
[2022/05/20 20:03:02.304] - eth_getTransactionCount
[2022/05/20 20:03:02.319] - eth_getBlockByNumber
[2022/05/20 20:03:02.320] - eth_gasPrice
[2022/05/20 20:03:02.383] - eth_sendTransaction
[2022/05/20 20:03:02.495] - 
[2022/05/20 20:03:02.496] -   Transaction: 0xb3b88f697ca57bf35937d15d4b268e16d13c2130988dc9c099880e77089c1bd1
[2022/05/20 20:03:02.496] -   Gas usage: 42513
[2022/05/20 20:03:02.496] -   Block Number: 14
[2022/05/20 20:03:02.496] -   Block Time: Fri May 20 2022 20:03:02 GMT-0500 (Central Daylight Time)
[2022/05/20 20:03:02.496] - 
[2022/05/20 20:03:02.497] - eth_getBlockByNumber
[2022/05/20 20:03:02.499] - eth_getTransactionReceipt
[2022/05/20 20:03:02.522] - eth_getBlockByNumber
[2022/05/20 20:03:02.534] - eth_accounts
[2022/05/20 20:03:02.554] - eth_getBlockByNumber
[2022/05/20 20:03:02.561] - eth_getBlockByNumber
[2022/05/20 20:03:02.566] - eth_getBlockByNumber
[2022/05/20 20:03:02.572] - eth_estimateGas
[2022/05/20 20:03:02.636] - eth_getBalance
[2022/05/20 20:03:02.642] - eth_getBlockByNumber
[2022/05/20 20:03:02.643] - eth_blockNumber
[2022/05/20 20:03:02.644] - eth_getTransactionCount
[2022/05/20 20:03:02.649] - eth_getBalance
[2022/05/20 20:03:02.652] - eth_estimateGas
[2022/05/20 20:03:02.662] - eth_getTransactionCount
[2022/05/20 20:03:02.663] - eth_getBalance
[2022/05/20 20:03:02.667] - eth_getTransactionCount
[2022/05/20 20:03:02.675] - eth_getTransactionCount
[2022/05/20 20:03:02.682] - eth_getBalance
[2022/05/20 20:03:02.694] - eth_getTransactionCount
[2022/05/20 20:03:02.696] - eth_getBalance
[2022/05/20 20:03:02.701] - eth_getTransactionCount
[2022/05/20 20:03:02.706] - eth_getBalance
[2022/05/20 20:03:02.713] - eth_getTransactionCount
[2022/05/20 20:03:02.719] - eth_getBalance
[2022/05/20 20:03:02.724] - eth_getTransactionCount
[2022/05/20 20:03:02.728] - eth_getBalance
[2022/05/20 20:03:02.733] - eth_getTransactionCount
[2022/05/20 20:03:02.734] - eth_getBlockByNumber
[2022/05/20 20:03:02.735] - eth_gasPrice
[2022/05/20 20:03:02.795] - eth_sendTransaction
[2022/05/20 20:03:02.847] - 
[2022/05/20 20:03:02.847] -   Transaction: 0xd5ec8fb5c819aa5fcaa4c78694631405a37bc2911fa57fccda7edbaa2c8cb7ed
[2022/05/20 20:03:02.847] -   Contract created: 0x44eaa59a346719108281fbfc90e74a1f8c2bd7dc
[2022/05/20 20:03:02.847] -   Gas usage: 751911
[2022/05/20 20:03:02.847] -   Block Number: 15
[2022/05/20 20:03:02.847] -   Block Time: Fri May 20 2022 20:03:02 GMT-0500 (Central Daylight Time)
[2022/05/20 20:03:02.848] - 
[2022/05/20 20:03:02.849] - eth_getBlockByNumber
[2022/05/20 20:03:02.851] - eth_getTransactionReceipt
[2022/05/20 20:03:02.867] - eth_getCode
[2022/05/20 20:03:02.876] - eth_getTransactionByHash
[2022/05/20 20:03:02.882] - eth_getBlockByNumber
[2022/05/20 20:03:02.890] - eth_getBalance
[2022/05/20 20:03:02.905] - eth_getBlockByNumber
[2022/05/20 20:03:02.922] - eth_getBalance
[2022/05/20 20:03:02.927] - eth_getTransactionCount
[2022/05/20 20:03:02.932] - eth_getBalance
[2022/05/20 20:03:02.937] - eth_getTransactionCount
[2022/05/20 20:03:02.938] - eth_getBlockByNumber
[2022/05/20 20:03:02.952] - eth_getBalance
[2022/05/20 20:03:02.961] - eth_estimateGas
[2022/05/20 20:03:02.963] - eth_getTransactionCount
[2022/05/20 20:03:03.001] - eth_getBalance
[2022/05/20 20:03:03.017] - eth_getTransactionCount
[2022/05/20 20:03:03.025] - eth_getBalance
[2022/05/20 20:03:03.028] - eth_getTransactionCount
[2022/05/20 20:03:03.034] - eth_getBalance
[2022/05/20 20:03:03.045] - eth_getTransactionCount
[2022/05/20 20:03:03.052] - eth_getBalance
[2022/05/20 20:03:03.054] - eth_getBlockByNumber
[2022/05/20 20:03:03.055] - eth_gasPrice
[2022/05/20 20:03:03.058] - eth_getTransactionCount
[2022/05/20 20:03:03.069] - eth_getBalance
[2022/05/20 20:03:03.071] - eth_getTransactionCount
[2022/05/20 20:03:03.084] - eth_sendTransaction
[2022/05/20 20:03:03.142] - eth_getBlockByNumber
[2022/05/20 20:03:03.168] - 
[2022/05/20 20:03:03.169] -   Transaction: 0x34988a5c1698feb150210fa4b6235ad48fe3f18538ecef77d0695bfb0aff158a
[2022/05/20 20:03:03.169] -   Gas usage: 27513
[2022/05/20 20:03:03.169] -   Block Number: 16
[2022/05/20 20:03:03.169] -   Block Time: Fri May 20 2022 20:03:03 GMT-0500 (Central Daylight Time)
[2022/05/20 20:03:03.170] - 
[2022/05/20 20:03:03.179] - eth_getBlockByNumber
[2022/05/20 20:03:03.179] - eth_getTransactionReceipt
[2022/05/20 20:03:03.186] - eth_getBlockByNumber
[2022/05/20 20:03:03.477] - eth_getBalance
[2022/05/20 20:03:03.482] - eth_getTransactionCount
[2022/05/20 20:03:03.487] - eth_getBalance
[2022/05/20 20:03:03.497] - eth_getTransactionCount
[2022/05/20 20:03:03.502] - eth_getBalance
[2022/05/20 20:03:03.506] - eth_getTransactionCount
[2022/05/20 20:03:03.511] - eth_getBalance
[2022/05/20 20:03:03.532] - eth_getTransactionCount
[2022/05/20 20:03:03.571] - eth_getBalance
[2022/05/20 20:03:03.587] - eth_getTransactionCount
[2022/05/20 20:03:03.591] - eth_getBalance
[2022/05/20 20:03:03.598] - eth_getTransactionCount
[2022/05/20 20:03:03.603] - eth_getBalance
[2022/05/20 20:03:03.610] - eth_getTransactionCount
[2022/05/20 20:03:03.615] - eth_getBalance
[2022/05/20 20:03:03.625] - eth_getTransactionCount
[2022/05/20 20:03:03.629] - eth_getBalance
[2022/05/20 20:03:03.636] - eth_getTransactionCount
[2022/05/20 20:03:03.641] - eth_getBalance
[2022/05/20 20:03:03.649] - eth_getTransactionCount
[2022/05/20 20:03:03.654] - eth_getBalance
[2022/05/20 20:03:03.658] - eth_getTransactionCount
[2022/05/20 20:03:03.663] - eth_getBalance
[2022/05/20 20:03:03.671] - eth_getTransactionCount
[2022/05/20 20:03:03.675] - eth_getBalance
[2022/05/20 20:03:03.680] - eth_getTransactionCount
[2022/05/20 20:03:03.685] - eth_getBalance
[2022/05/20 20:03:03.692] - eth_getTransactionCount
[2022/05/20 20:03:04.120] - eth_getTransactionCount
[2022/05/20 20:03:04.125] - eth_getBalance
[2022/05/20 20:03:04.134] - eth_getTransactionCount
[2022/05/20 20:03:04.142] - eth_getBalance
[2022/05/20 20:03:04.148] - eth_getTransactionCount
[2022/05/20 20:03:04.156] - eth_getBalance
[2022/05/20 20:03:04.162] - eth_getTransactionCount
[2022/05/20 20:03:04.170] - eth_getBalance
[2022/05/20 20:03:04.176] - eth_getTransactionCount
[2022/05/20 20:03:04.181] - eth_getBalance
[2022/05/20 20:03:04.196] - eth_getTransactionCount
[2022/05/20 20:03:04.237] - eth_getBalance
[2022/05/20 20:03:04.253] - eth_getTransactionCount
[2022/05/20 20:03:04.261] - eth_getBalance
[2022/05/20 20:03:04.267] - eth_getTransactionCount
[2022/05/20 20:03:04.275] - eth_getBalance
[2022/05/20 20:03:04.286] - eth_getTransactionCount
[2022/05/20 20:03:04.634] - eth_getBalance
[2022/05/20 20:03:04.643] - eth_getTransactionCount
[2022/05/20 20:03:04.648] - eth_getBalance
[2022/05/20 20:03:04.654] - eth_getTransactionCount
[2022/05/20 20:03:04.660] - eth_getBalance
[2022/05/20 20:03:04.677] - eth_getTransactionCount
[2022/05/20 20:03:04.721] - eth_getTransactionCount
[2022/05/20 20:03:04.736] - eth_getBalance
[2022/05/20 20:03:04.744] - eth_getTransactionCount
[2022/05/20 20:03:04.750] - eth_getBalance
[2022/05/20 20:03:04.758] - eth_getTransactionCount
[2022/05/20 20:03:04.764] - eth_getBalance
[2022/05/20 20:03:04.773] - eth_getTransactionCount
[2022/05/20 20:03:04.780] - eth_getBalance
[2022/05/20 20:03:04.786] - eth_getTransactionCount
[2022/05/20 20:03:04.794] - eth_getBalance
[2022/05/20 20:03:04.800] - eth_getTransactionCount
[2022/05/20 20:04:14.139] - eth_blockNumber
[2022/05/20 20:04:14.148] - net_version
[2022/05/20 20:04:14.154] - eth_accounts
[2022/05/20 20:04:14.167] - eth_getBlockByNumber
[2022/05/20 20:04:14.176] - eth_accounts
[2022/05/20 20:04:14.189] - eth_getBlockByNumber
[2022/05/20 20:04:14.195] - eth_getBlockByNumber
[2022/05/20 20:04:14.199] - eth_getBlockByNumber
[2022/05/20 20:04:14.206] - eth_estimateGas
[2022/05/20 20:04:14.335] - eth_getBlockByNumber
[2022/05/20 20:04:14.336] - eth_blockNumber
[2022/05/20 20:04:14.350] - eth_estimateGas
[2022/05/20 20:04:14.411] - eth_getBlockByNumber
[2022/05/20 20:04:14.412] - eth_gasPrice
[2022/05/20 20:04:14.421] - eth_sendTransaction
[2022/05/20 20:04:14.466] - 
[2022/05/20 20:04:14.467] -   Transaction: 0x8bcc5293152cda06ec9accd9b003dbfb494f923e2aef5a9a205909eea82e6eb5
[2022/05/20 20:04:14.467] -   Contract created: 0xbfa580cc5847e510590e136ed8d2b73d17afe91e
[2022/05/20 20:04:14.467] -   Gas usage: 248854
[2022/05/20 20:04:14.467] -   Block Number: 17
[2022/05/20 20:04:14.468] -   Block Time: Fri May 20 2022 20:04:14 GMT-0500 (Central Daylight Time)
[2022/05/20 20:04:14.468] - 
[2022/05/20 20:04:14.470] - eth_getBlockByNumber
[2022/05/20 20:04:14.472] - eth_getTransactionReceipt
[2022/05/20 20:04:14.481] - eth_getCode
[2022/05/20 20:04:14.495] - eth_getTransactionByHash
[2022/05/20 20:04:14.507] - eth_getBlockByNumber
[2022/05/20 20:04:14.520] - eth_getBalance
[2022/05/20 20:04:14.529] - eth_getBalance
[2022/05/20 20:04:14.542] - eth_getBlockByNumber
[2022/05/20 20:04:14.545] - eth_getTransactionCount
[2022/05/20 20:04:14.548] - eth_getBlockByNumber
[2022/05/20 20:04:14.551] - eth_getBalance
[2022/05/20 20:04:14.557] - eth_estimateGas
[2022/05/20 20:04:14.564] - eth_getTransactionCount
[2022/05/20 20:04:14.583] - eth_getBalance
[2022/05/20 20:04:14.586] - eth_getTransactionCount
[2022/05/20 20:04:14.594] - eth_getBalance
[2022/05/20 20:04:14.600] - eth_getTransactionCount
[2022/05/20 20:04:14.617] - eth_getBalance
[2022/05/20 20:04:14.663] - eth_getTransactionCount
[2022/05/20 20:04:14.678] - eth_getBalance
[2022/05/20 20:04:14.680] - eth_getBlockByNumber
[2022/05/20 20:04:14.683] - eth_gasPrice
[2022/05/20 20:04:14.690] - eth_getTransactionCount
[2022/05/20 20:04:14.693] - eth_getBalance
[2022/05/20 20:04:14.713] - eth_getTransactionCount
[2022/05/20 20:04:14.714] - eth_getBalance
[2022/05/20 20:04:14.721] - eth_getTransactionCount
[2022/05/20 20:04:14.728] - eth_getBalance
[2022/05/20 20:04:14.740] - eth_getTransactionCount
[2022/05/20 20:04:14.745] - eth_sendTransaction
[2022/05/20 20:04:14.751] - eth_getBalance
[2022/05/20 20:04:14.760] - eth_getTransactionCount
[2022/05/20 20:04:14.816] - 
[2022/05/20 20:04:14.817] -   Transaction: 0xbae220de364c63349a749d70e7cfe378e4defaefc88abb593f8341fb54b42e54
[2022/05/20 20:04:14.817] -   Gas usage: 42513
[2022/05/20 20:04:14.817] -   Block Number: 18
[2022/05/20 20:04:14.818] -   Block Time: Fri May 20 2022 20:04:14 GMT-0500 (Central Daylight Time)
[2022/05/20 20:04:14.818] - 
[2022/05/20 20:04:14.818] - eth_getBlockByNumber
[2022/05/20 20:04:14.819] - eth_getTransactionReceipt
[2022/05/20 20:04:14.852] - eth_getBlockByNumber
[2022/05/20 20:04:14.858] - eth_accounts
[2022/05/20 20:04:14.866] - eth_getBlockByNumber
[2022/05/20 20:04:14.872] - eth_getBlockByNumber
[2022/05/20 20:04:14.877] - eth_getBlockByNumber
[2022/05/20 20:04:14.887] - eth_estimateGas
[2022/05/20 20:04:14.988] - eth_getBlockByNumber
[2022/05/20 20:04:14.989] - eth_blockNumber
[2022/05/20 20:04:15.003] - eth_estimateGas
[2022/05/20 20:04:15.103] - eth_getBalance
[2022/05/20 20:04:15.108] - eth_getTransactionCount
[2022/05/20 20:04:15.111] - eth_getBalance
[2022/05/20 20:04:15.112] - eth_getTransactionCount
[2022/05/20 20:04:15.113] - eth_getBalance
[2022/05/20 20:04:15.137] - eth_getTransactionCount
[2022/05/20 20:04:15.159] - eth_getBlockByNumber
[2022/05/20 20:04:15.160] - eth_gasPrice
[2022/05/20 20:04:15.178] - eth_sendTransaction
[2022/05/20 20:04:15.180] - eth_getBalance
[2022/05/20 20:04:15.199] - eth_getTransactionCount
[2022/05/20 20:04:15.204] - eth_getBalance
[2022/05/20 20:04:15.211] - eth_getTransactionCount
[2022/05/20 20:04:15.219] - eth_getBalance
[2022/05/20 20:04:15.230] - 
[2022/05/20 20:04:15.232] -   Transaction: 0xd433f3fe68034598c793d382270e50bfb2c482c40e2aa43a078acfee657f71d2
[2022/05/20 20:04:15.233] -   Contract created: 0xf1bef6daa1436ab55e398143b4507dcea542b03e
[2022/05/20 20:04:15.233] -   Gas usage: 775516
[2022/05/20 20:04:15.233] -   Block Number: 19
[2022/05/20 20:04:15.234] -   Block Time: Fri May 20 2022 20:04:15 GMT-0500 (Central Daylight Time)
[2022/05/20 20:04:15.235] - 
[2022/05/20 20:04:15.244] - eth_getTransactionCount
[2022/05/20 20:04:15.244] - eth_getBlockByNumber
[2022/05/20 20:04:15.246] - eth_getBalance
[2022/05/20 20:04:15.246] - eth_getTransactionCount
[2022/05/20 20:04:15.248] - eth_getTransactionReceipt
[2022/05/20 20:04:15.252] - eth_getBalance
[2022/05/20 20:04:15.264] - eth_getTransactionCount
[2022/05/20 20:04:15.271] - eth_getBalance
[2022/05/20 20:04:15.295] - eth_getTransactionCount
[2022/05/20 20:04:15.297] - eth_getCode
[2022/05/20 20:04:15.322] - eth_getTransactionByHash
[2022/05/20 20:04:15.337] - eth_getBlockByNumber
[2022/05/20 20:04:15.343] - eth_getBalance
[2022/05/20 20:04:15.356] - eth_getBlockByNumber
[2022/05/20 20:04:15.395] - eth_getBlockByNumber
[2022/05/20 20:04:15.402] - eth_estimateGas
[2022/05/20 20:04:15.489] - eth_getBlockByNumber
[2022/05/20 20:04:15.520] - eth_getBlockByNumber
[2022/05/20 20:04:15.521] - eth_gasPrice
[2022/05/20 20:04:15.523] - eth_getBlockByNumber
[2022/05/20 20:04:15.529] - eth_sendTransaction
[2022/05/20 20:04:15.558] - eth_getBalance
[2022/05/20 20:04:15.565] - eth_getTransactionCount
[2022/05/20 20:04:15.573] - eth_getBalance
[2022/05/20 20:04:15.601] - eth_getTransactionCount
[2022/05/20 20:04:15.605] - eth_getBalance
[2022/05/20 20:04:15.606] - eth_getBalance
[2022/05/20 20:04:15.606] - eth_getTransactionCount
[2022/05/20 20:04:15.631] - 
[2022/05/20 20:04:15.631] -   Transaction: 0xe67c0d718b396bc9fec5a96c2537089d93a55d08f3704ee5f354096b84559ed5
[2022/05/20 20:04:15.631] -   Gas usage: 27513
[2022/05/20 20:04:15.631] -   Block Number: 20
[2022/05/20 20:04:15.632] -   Block Time: Fri May 20 2022 20:04:15 GMT-0500 (Central Daylight Time)
[2022/05/20 20:04:15.632] - 
[2022/05/20 20:04:15.632] - eth_getBalance
[2022/05/20 20:04:15.633] - eth_getBlockByNumber
[2022/05/20 20:04:15.639] - eth_getTransactionCount
[2022/05/20 20:04:15.644] - eth_getBalance
[2022/05/20 20:04:15.645] - eth_getTransactionReceipt
[2022/05/20 20:04:15.685] - eth_getTransactionCount
[2022/05/20 20:04:15.704] - eth_getBalance
[2022/05/20 20:04:15.720] - eth_getTransactionCount
[2022/05/20 20:04:15.721] - eth_getBalance
[2022/05/20 20:04:15.726] - eth_getTransactionCount
[2022/05/20 20:04:15.732] - eth_getBalance
[2022/05/20 20:04:15.741] - eth_getTransactionCount
[2022/05/20 20:04:16.063] - eth_getBalance
[2022/05/20 20:04:16.069] - eth_getTransactionCount
[2022/05/20 20:04:16.075] - eth_getBalance
[2022/05/20 20:04:16.082] - eth_getTransactionCount
[2022/05/20 20:04:16.098] - eth_getBalance
[2022/05/20 20:04:16.139] - eth_getTransactionCount
[2022/05/20 20:04:16.155] - eth_getBalance
[2022/05/20 20:04:16.163] - eth_getTransactionCount
[2022/05/20 20:04:16.169] - eth_getBalance
[2022/05/20 20:04:16.178] - eth_getTransactionCount
[2022/05/20 20:04:16.186] - eth_getBalance
[2022/05/20 20:04:16.192] - eth_getTransactionCount
[2022/05/20 20:04:16.204] - eth_getBalance
[2022/05/20 20:04:16.210] - eth_getTransactionCount
[2022/05/20 20:04:16.219] - eth_getBalance
[2022/05/20 20:04:16.225] - eth_getTransactionCount
[2022/05/20 20:04:16.493] - eth_getBalance
[2022/05/20 20:04:16.502] - eth_getTransactionCount
[2022/05/20 20:04:16.508] - eth_getBalance
[2022/05/20 20:04:16.517] - eth_getTransactionCount
[2022/05/20 20:04:16.524] - eth_getBalance
[2022/05/20 20:04:16.533] - eth_getTransactionCount
[2022/05/20 20:04:16.540] - eth_getBalance
[2022/05/20 20:04:16.546] - eth_getTransactionCount
[2022/05/20 20:04:16.565] - eth_getBalance
[2022/05/20 20:04:16.607] - eth_getTransactionCount
[2022/05/20 20:04:16.625] - eth_getBalance
[2022/05/20 20:04:16.640] - eth_getTransactionCount
[2022/05/20 20:04:16.649] - eth_getBalance
[2022/05/20 20:04:16.656] - eth_getTransactionCount
[2022/05/20 20:04:16.666] - eth_getBalance
[2022/05/20 20:04:16.675] - eth_getTransactionCount
[2022/05/20 20:04:16.682] - eth_getBalance
[2022/05/20 20:04:16.691] - eth_getTransactionCount
[2022/05/20 20:04:16.698] - eth_getBalance
[2022/05/20 20:04:16.705] - eth_getTransactionCount
[2022/05/20 20:04:17.136] - eth_getBalance
[2022/05/20 20:04:17.144] - eth_getTransactionCount
[2022/05/20 20:04:17.163] - eth_getBalance
[2022/05/20 20:04:17.170] - eth_getTransactionCount
[2022/05/20 20:04:17.177] - eth_getBalance
[2022/05/20 20:04:17.197] - eth_getTransactionCount
[2022/05/20 20:04:17.239] - eth_getBalance
[2022/05/20 20:04:17.257] - eth_getTransactionCount
[2022/05/20 20:04:17.267] - eth_getBalance
[2022/05/20 20:04:17.282] - eth_getTransactionCount
[2022/05/20 20:04:17.289] - eth_getBalance
[2022/05/20 20:04:17.298] - eth_getTransactionCount
[2022/05/20 20:04:17.307] - eth_getBalance
[2022/05/20 20:04:17.314] - eth_getTransactionCount
[2022/05/20 20:04:17.571] - eth_getBalance
[2022/05/20 20:04:17.589] - eth_getTransactionCount
[2022/05/20 20:04:17.598] - eth_getBalance
[2022/05/20 20:04:17.604] - eth_getTransactionCount
[2022/05/20 20:04:17.614] - eth_getBalance
[2022/05/20 20:04:17.623] - eth_getTransactionCount
[2022/05/20 20:04:17.629] - eth_getBalance
[2022/05/20 20:04:17.639] - eth_getTransactionCount
[2022/05/20 20:04:17.647] - eth_getBalance
[2022/05/20 20:04:17.654] - eth_getTransactionCount
[2022/05/20 20:04:17.661] - eth_getBalance
[2022/05/20 20:04:17.677] - eth_getTransactionCount
[2022/05/20 20:04:17.723] - eth_getBalance
[2022/05/20 20:04:17.740] - eth_getTransactionCount
[2022/05/20 20:04:17.753] - eth_getBalance
[2022/05/20 20:04:17.766] - eth_getTransactionCount
[2022/05/20 20:04:17.774] - eth_getBalance
[2022/05/20 20:04:17.788] - eth_getTransactionCount
[2022/05/20 20:11:17.547] - eth_blockNumber
[2022/05/20 20:11:17.557] - net_version
[2022/05/20 20:11:17.578] - eth_accounts
[2022/05/20 20:11:17.598] - eth_getBlockByNumber
[2022/05/20 20:11:17.611] - eth_accounts
[2022/05/20 20:11:17.631] - eth_getBlockByNumber
[2022/05/20 20:11:17.638] - eth_getBlockByNumber
[2022/05/20 20:11:17.644] - eth_getBlockByNumber
[2022/05/20 20:11:17.656] - eth_estimateGas
[2022/05/20 20:11:17.791] - eth_getBlockByNumber
[2022/05/20 20:11:17.793] - eth_blockNumber
[2022/05/20 20:11:17.815] - eth_estimateGas
[2022/05/20 20:11:17.880] - eth_getBlockByNumber
[2022/05/20 20:11:17.881] - eth_gasPrice
[2022/05/20 20:11:17.900] - eth_sendTransaction
[2022/05/20 20:11:17.967] - 
[2022/05/20 20:11:17.967] -   Transaction: 0xbaf94f5be47cb03c551141301aadda4b1995da7bb0019e10f88a1838ddddfe31
[2022/05/20 20:11:17.967] -   Contract created: 0x99e669f11b899790e77e71b92d886d6fb3225e55
[2022/05/20 20:11:17.968] -   Gas usage: 248854
[2022/05/20 20:11:17.968] -   Block Number: 21
[2022/05/20 20:11:17.969] -   Block Time: Fri May 20 2022 20:11:17 GMT-0500 (Central Daylight Time)
[2022/05/20 20:11:17.970] - 
[2022/05/20 20:11:17.971] - eth_getBlockByNumber
[2022/05/20 20:11:17.972] - eth_getTransactionReceipt
[2022/05/20 20:11:17.984] - eth_getCode
[2022/05/20 20:11:17.994] - eth_getTransactionByHash
[2022/05/20 20:11:18.002] - eth_getBlockByNumber
[2022/05/20 20:11:18.017] - eth_getBalance
[2022/05/20 20:11:18.018] - eth_getBalance
[2022/05/20 20:11:18.031] - eth_getBlockByNumber
[2022/05/20 20:11:18.032] - eth_getTransactionCount
[2022/05/20 20:11:18.038] - eth_getBlockByNumber
[2022/05/20 20:11:18.046] - eth_getBalance
[2022/05/20 20:11:18.052] - eth_estimateGas
[2022/05/20 20:11:18.056] - eth_getTransactionCount
[2022/05/20 20:11:18.073] - eth_getBalance
[2022/05/20 20:11:18.073] - eth_getTransactionCount
[2022/05/20 20:11:18.099] - eth_getBalance
[2022/05/20 20:11:18.137] - eth_getTransactionCount
[2022/05/20 20:11:18.159] - eth_getBalance
[2022/05/20 20:11:18.165] - eth_getTransactionCount
[2022/05/20 20:11:18.172] - eth_getBalance
[2022/05/20 20:11:18.185] - eth_getTransactionCount
[2022/05/20 20:11:18.185] - eth_getBlockByNumber
[2022/05/20 20:11:18.186] - eth_gasPrice
[2022/05/20 20:11:18.192] - eth_getBalance
[2022/05/20 20:11:18.201] - eth_getTransactionCount
[2022/05/20 20:11:18.210] - eth_getBalance
[2022/05/20 20:11:18.231] - eth_getTransactionCount
[2022/05/20 20:11:18.233] - eth_sendTransaction
[2022/05/20 20:11:18.242] - eth_getBalance
[2022/05/20 20:11:18.289] - eth_getTransactionCount
[2022/05/20 20:11:18.302] - eth_getBalance
[2022/05/20 20:11:18.312] - eth_getTransactionCount
[2022/05/20 20:11:18.328] - 
[2022/05/20 20:11:18.328] -   Transaction: 0x3663c259974e853c4b3658a9a857db9ab2765825827f8c87b08dc521101d6263
[2022/05/20 20:11:18.329] -   Gas usage: 42513
[2022/05/20 20:11:18.329] -   Block Number: 22
[2022/05/20 20:11:18.329] -   Block Time: Fri May 20 2022 20:11:18 GMT-0500 (Central Daylight Time)
[2022/05/20 20:11:18.329] - 
[2022/05/20 20:11:18.332] - eth_getBlockByNumber
[2022/05/20 20:11:18.333] - eth_getTransactionReceipt
[2022/05/20 20:11:18.366] - eth_getBlockByNumber
[2022/05/20 20:11:18.372] - eth_accounts
[2022/05/20 20:11:18.395] - eth_getBlockByNumber
[2022/05/20 20:11:18.402] - eth_getBlockByNumber
[2022/05/20 20:11:18.416] - eth_getBlockByNumber
[2022/05/20 20:11:18.424] - eth_estimateGas
[2022/05/20 20:11:18.482] - eth_getBalance
[2022/05/20 20:11:18.492] - eth_getTransactionCount
[2022/05/20 20:11:18.497] - eth_getBalance
[2022/05/20 20:11:18.506] - eth_getTransactionCount
[2022/05/20 20:11:18.520] - eth_getBalance
[2022/05/20 20:11:18.521] - eth_getTransactionCount
[2022/05/20 20:11:18.522] - eth_getBlockByNumber
[2022/05/20 20:11:18.522] - eth_blockNumber
[2022/05/20 20:11:18.531] - eth_getBalance
[2022/05/20 20:11:18.540] - eth_getTransactionCount
[2022/05/20 20:11:18.541] - eth_estimateGas
[2022/05/20 20:11:18.556] - eth_getBalance
[2022/05/20 20:11:18.568] - eth_getTransactionCount
[2022/05/20 20:11:18.623] - eth_getBalance
[2022/05/20 20:11:18.630] - eth_getTransactionCount
[2022/05/20 20:11:18.640] - eth_getBalance
[2022/05/20 20:11:18.652] - eth_getTransactionCount
[2022/05/20 20:11:18.661] - eth_getBalance
[2022/05/20 20:11:18.668] - eth_getTransactionCount
[2022/05/20 20:11:18.679] - eth_getBalance
[2022/05/20 20:11:18.679] - eth_getBlockByNumber
[2022/05/20 20:11:18.679] - eth_gasPrice
[2022/05/20 20:11:18.685] - eth_getTransactionCount
[2022/05/20 20:11:18.707] - eth_sendTransaction
[2022/05/20 20:11:18.764] - 
[2022/05/20 20:11:18.765] -   Transaction: 0xf4044f86f952e413d5b9b83831ac8e5a33c9769f8ff2fa4b37678f8bef2129e4
[2022/05/20 20:11:18.765] -   Contract created: 0x9ac6e7e0bbca9cdad7a59c19dcc762a96f78e929
[2022/05/20 20:11:18.765] -   Gas usage: 775516
[2022/05/20 20:11:18.765] -   Block Number: 23
[2022/05/20 20:11:18.765] -   Block Time: Fri May 20 2022 20:11:18 GMT-0500 (Central Daylight Time)
[2022/05/20 20:11:18.765] - 
[2022/05/20 20:11:18.765] - eth_getBlockByNumber
[2022/05/20 20:11:18.766] - eth_getTransactionReceipt
[2022/05/20 20:11:18.774] - eth_getCode
[2022/05/20 20:11:18.782] - eth_getTransactionByHash
[2022/05/20 20:11:18.789] - eth_getBlockByNumber
[2022/05/20 20:11:18.795] - eth_getBalance
[2022/05/20 20:11:18.808] - eth_getBlockByNumber
[2022/05/20 20:11:18.837] - eth_getBlockByNumber
[2022/05/20 20:11:18.843] - eth_estimateGas
[2022/05/20 20:11:18.959] - eth_getBlockByNumber
[2022/05/20 20:11:18.959] - eth_gasPrice
[2022/05/20 20:11:18.970] - eth_sendTransaction
[2022/05/20 20:11:18.989] - eth_getBlockByNumber
[2022/05/20 20:11:19.016] - 
[2022/05/20 20:11:19.017] -   Transaction: 0x94c830b78185a36b91c7aa4c9dd1df0e7b546f1f20e695f96f54acb801a0f0e9
[2022/05/20 20:11:19.017] -   Gas usage: 27513
[2022/05/20 20:11:19.017] -   Block Number: 24
[2022/05/20 20:11:19.017] -   Block Time: Fri May 20 2022 20:11:18 GMT-0500 (Central Daylight Time)
[2022/05/20 20:11:19.017] - 
[2022/05/20 20:11:19.018] - eth_getBlockByNumber
[2022/05/20 20:11:19.021] - eth_getTransactionReceipt
[2022/05/20 20:11:19.025] - eth_getBlockByNumber
[2022/05/20 20:11:19.120] - eth_getBalance
[2022/05/20 20:11:19.128] - eth_getTransactionCount
[2022/05/20 20:11:19.140] - eth_getTransactionCount
[2022/05/20 20:11:19.148] - eth_getBalance
[2022/05/20 20:11:19.158] - eth_getTransactionCount
[2022/05/20 20:11:19.170] - eth_getBalance
[2022/05/20 20:11:19.177] - eth_getTransactionCount
[2022/05/20 20:11:19.195] - eth_getBalance
[2022/05/20 20:11:19.236] - eth_getTransactionCount
[2022/05/20 20:11:19.253] - eth_getBalance
[2022/05/20 20:11:19.263] - eth_getTransactionCount
[2022/05/20 20:11:19.278] - eth_getBalance
[2022/05/20 20:11:19.314] - eth_getTransactionCount
[2022/05/20 20:11:19.316] - eth_getBalance
[2022/05/20 20:11:19.326] - eth_getTransactionCount
[2022/05/20 20:11:19.327] - eth_getBalance
[2022/05/20 20:11:19.327] - eth_getTransactionCount
[2022/05/20 20:11:19.790] - eth_getBalance
[2022/05/20 20:11:19.799] - eth_getTransactionCount
[2022/05/20 20:11:19.808] - eth_getBalance
[2022/05/20 20:11:19.815] - eth_getTransactionCount
[2022/05/20 20:11:19.822] - eth_getBalance
[2022/05/20 20:11:19.841] - eth_getTransactionCount
[2022/05/20 20:11:19.881] - eth_getBalance
[2022/05/20 20:11:19.900] - eth_getTransactionCount
[2022/05/20 20:11:19.907] - eth_getBalance
[2022/05/20 20:11:19.916] - eth_getTransactionCount
[2022/05/20 20:11:19.925] - eth_getBalance
[2022/05/20 20:11:19.934] - eth_getTransactionCount
[2022/05/20 20:11:19.947] - eth_getBalance
[2022/05/20 20:11:19.959] - eth_getTransactionCount
[2022/05/20 20:11:19.966] - eth_getBalance
[2022/05/20 20:11:19.973] - eth_getTransactionCount
[2022/05/20 20:11:20.345] - eth_getBalance
[2022/05/20 20:11:20.358] - eth_getTransactionCount
[2022/05/20 20:11:20.368] - eth_getBalance
[2022/05/20 20:11:20.378] - eth_getTransactionCount
[2022/05/20 20:11:20.387] - eth_getBalance
[2022/05/20 20:11:20.395] - eth_getTransactionCount
[2022/05/20 20:11:20.403] - eth_getBalance
[2022/05/20 20:11:20.412] - eth_getTransactionCount
[2022/05/20 20:11:20.420] - eth_getBalance
[2022/05/20 20:11:20.440] - eth_getTransactionCount
[2022/05/20 20:11:20.481] - eth_getBalance
[2022/05/20 20:11:20.500] - eth_getTransactionCount
[2022/05/20 20:11:20.510] - eth_getBalance
[2022/05/20 20:11:20.520] - eth_getTransactionCount
[2022/05/20 20:11:20.530] - eth_getBalance
[2022/05/20 20:11:20.538] - eth_getTransactionCount
[2022/05/20 20:11:20.549] - eth_getTransactionCount
[2022/05/20 20:11:20.556] - eth_getBalance
[2022/05/20 20:11:20.564] - eth_getTransactionCount
[2022/05/20 20:11:21.363] - eth_getBalance
[2022/05/20 20:11:21.376] - eth_getTransactionCount
[2022/05/20 20:11:21.386] - eth_getBalance
[2022/05/20 20:11:21.397] - eth_getTransactionCount
[2022/05/20 20:11:21.404] - eth_getBalance
[2022/05/20 20:11:21.415] - eth_getTransactionCount
[2022/05/20 20:11:21.423] - eth_getBalance
[2022/05/20 20:11:21.433] - eth_getTransactionCount
[2022/05/20 20:11:21.441] - eth_getBalance
[2022/05/20 20:11:21.455] - eth_getTransactionCount
[2022/05/20 20:11:21.503] - eth_getBalance
[2022/05/20 20:11:21.522] - eth_getTransactionCount
[2022/05/20 20:11:21.532] - eth_getBalance
[2022/05/20 20:11:21.549] - eth_getTransactionCount
[2022/05/20 20:11:21.559] - eth_getBalance
[2022/05/20 20:11:21.567] - eth_getTransactionCount
[2022/05/20 20:11:21.577] - eth_getBalance
[2022/05/20 20:11:21.594] - eth_getTransactionCount
[2022/05/20 20:11:21.612] - eth_getBalance
[2022/05/20 20:11:21.655] - eth_getTransactionCount
[2022/05/20 20:11:21.673] - eth_getBalance
[2022/05/20 20:11:21.683] - eth_getTransactionCount
[2022/05/20 20:11:21.694] - eth_getBalance
[2022/05/20 20:11:21.704] - eth_getTransactionCount
[2022/05/20 20:11:21.714] - eth_getBalance
[2022/05/20 20:11:21.724] - eth_getTransactionCount
[2022/05/20 20:11:21.732] - eth_getBalance
[2022/05/20 20:11:21.752] - eth_getTransactionCount
[2022/05/20 20:11:21.796] - eth_getBalance
[2022/05/20 20:11:21.806] - eth_getTransactionCount
[2022/05/20 20:11:21.816] - eth_getBalance
[2022/05/20 20:11:21.828] - eth_getTransactionCount
[2022/05/20 20:11:21.838] - eth_getBalance
[2022/05/20 20:11:21.848] - eth_getTransactionCount
[2022/05/20 20:11:21.868] - eth_getBalance
[2022/05/20 20:11:21.876] - eth_getTransactionCount
[2022/05/20 23:05:41.164] - eth_blockNumber
[2022/05/20 23:05:41.175] - net_version
[2022/05/20 23:05:41.183] - eth_accounts
[2022/05/20 23:05:41.195] - eth_getBlockByNumber
[2022/05/20 23:05:41.204] - eth_accounts
[2022/05/20 23:05:41.218] - eth_getBlockByNumber
[2022/05/20 23:05:41.224] - eth_getBlockByNumber
[2022/05/20 23:05:41.228] - eth_getBlockByNumber
[2022/05/20 23:05:41.236] - eth_estimateGas
[2022/05/20 23:05:41.394] - eth_getBlockByNumber
[2022/05/20 23:05:41.395] - eth_blockNumber
[2022/05/20 23:05:41.401] - eth_estimateGas
[2022/05/20 23:05:41.482] - eth_getBlockByNumber
[2022/05/20 23:05:41.483] - eth_gasPrice
[2022/05/20 23:05:41.525] - eth_sendTransaction
[2022/05/20 23:05:41.567] - 
[2022/05/20 23:05:41.567] -   Transaction: 0x1e7823379cbcfdf2ba62761e0d028e9150c25e56b4119ecc0824cc92816ec428
[2022/05/20 23:05:41.568] -   Contract created: 0x8baf083d5ad9f5dfb5b799f24807c98139e3538c
[2022/05/20 23:05:41.568] -   Gas usage: 248854
[2022/05/20 23:05:41.569] -   Block Number: 25
[2022/05/20 23:05:41.569] -   Block Time: Fri May 20 2022 23:05:41 GMT-0500 (Central Daylight Time)
[2022/05/20 23:05:41.569] - 
[2022/05/20 23:05:41.576] - eth_getBlockByNumber
[2022/05/20 23:05:41.577] - eth_getTransactionReceipt
[2022/05/20 23:05:41.609] - eth_getCode
[2022/05/20 23:05:41.621] - eth_getTransactionByHash
[2022/05/20 23:05:41.635] - eth_getBlockByNumber
[2022/05/20 23:05:41.643] - eth_getBalance
[2022/05/20 23:05:41.651] - eth_getBlockByNumber
[2022/05/20 23:05:41.662] - eth_getBlockByNumber
[2022/05/20 23:05:41.666] - eth_getBalance
[2022/05/20 23:05:41.672] - eth_estimateGas
[2022/05/20 23:05:41.684] - eth_getTransactionCount
[2022/05/20 23:05:41.720] - eth_getBalance
[2022/05/20 23:05:41.749] - eth_getTransactionCount
[2022/05/20 23:05:41.769] - eth_getBalance
[2022/05/20 23:05:41.781] - eth_getTransactionCount
[2022/05/20 23:05:41.785] - eth_getBlockByNumber
[2022/05/20 23:05:41.788] - eth_gasPrice
[2022/05/20 23:05:41.793] - eth_getBalance
[2022/05/20 23:05:41.804] - eth_getTransactionCount
[2022/05/20 23:05:41.813] - eth_getBalance
[2022/05/20 23:05:41.814] - eth_sendTransaction
[2022/05/20 23:05:41.832] - eth_getTransactionCount
[2022/05/20 23:05:41.835] - eth_getBalance
[2022/05/20 23:05:41.843] - eth_getTransactionCount
[2022/05/20 23:05:41.869] - eth_getBalance
[2022/05/20 23:05:41.901] - 
[2022/05/20 23:05:41.902] -   Transaction: 0x50069f913a2de3d18c8f646fa034c0c7357d43c662c07484e19f518d7a982065
[2022/05/20 23:05:41.904] -   Gas usage: 42513
[2022/05/20 23:05:41.904] -   Block Number: 26
[2022/05/20 23:05:41.904] -   Block Time: Fri May 20 2022 23:05:41 GMT-0500 (Central Daylight Time)
[2022/05/20 23:05:41.904] - 
[2022/05/20 23:05:41.909] - eth_getBlockByNumber
[2022/05/20 23:05:41.910] - eth_getTransactionReceipt
[2022/05/20 23:05:41.912] - eth_getTransactionCount
[2022/05/20 23:05:41.940] - eth_getBalance
[2022/05/20 23:05:41.942] - eth_getTransactionCount
[2022/05/20 23:05:41.953] - eth_getBalance
[2022/05/20 23:05:41.955] - eth_getBlockByNumber
[2022/05/20 23:05:41.964] - eth_getTransactionCount
[2022/05/20 23:05:41.975] - eth_accounts
[2022/05/20 23:05:41.976] - eth_getBalance
[2022/05/20 23:05:41.988] - eth_getTransactionCount
[2022/05/20 23:05:41.993] - eth_getBlockByNumber
[2022/05/20 23:05:42.000] - eth_getBlockByNumber
[2022/05/20 23:05:42.024] - eth_getBlockByNumber
[2022/05/20 23:05:42.036] - eth_estimateGas
[2022/05/20 23:05:42.144] - eth_getBlockByNumber
[2022/05/20 23:05:42.144] - eth_blockNumber
[2022/05/20 23:05:42.164] - eth_estimateGas
[2022/05/20 23:05:42.231] - eth_getBlockByNumber
[2022/05/20 23:05:42.232] - eth_gasPrice
[2022/05/20 23:05:42.237] - eth_getBalance
[2022/05/20 23:05:42.238] - eth_sendTransaction
[2022/05/20 23:05:42.250] - eth_getTransactionCount
[2022/05/20 23:05:42.258] - eth_getBalance
[2022/05/20 23:05:42.276] - 
[2022/05/20 23:05:42.277] -   Transaction: 0xbfa0edfcb30e83a064358dce3c478dbff0a4a381ed1eaf910d645e64df7bcb90
[2022/05/20 23:05:42.277] -   Contract created: 0x2e57126d98a385408633e46dcb0064b0f1dee993
[2022/05/20 23:05:42.278] -   Gas usage: 775516
[2022/05/20 23:05:42.278] -   Block Number: 27
[2022/05/20 23:05:42.278] -   Block Time: Fri May 20 2022 23:05:42 GMT-0500 (Central Daylight Time)
[2022/05/20 23:05:42.278] - 
[2022/05/20 23:05:42.281] - eth_getTransactionCount
[2022/05/20 23:05:42.281] - eth_getBlockByNumber
[2022/05/20 23:05:42.282] - eth_getBalance
[2022/05/20 23:05:42.283] - eth_getTransactionReceipt
[2022/05/20 23:05:42.288] - eth_getTransactionCount
[2022/05/20 23:05:42.296] - eth_getBalance
[2022/05/20 23:05:42.304] - eth_getCode
[2022/05/20 23:05:42.311] - eth_getTransactionCount
[2022/05/20 23:05:42.322] - eth_getBalance
[2022/05/20 23:05:42.324] - eth_getTransactionByHash
[2022/05/20 23:05:42.339] - eth_getTransactionCount
[2022/05/20 23:05:42.352] - eth_getBlockByNumber
[2022/05/20 23:05:42.360] - eth_getBalance
[2022/05/20 23:05:42.370] - eth_getBlockByNumber
[2022/05/20 23:05:42.390] - eth_getBalance
[2022/05/20 23:05:42.407] - eth_getTransactionCount
[2022/05/20 23:05:42.415] - eth_getBlockByNumber
[2022/05/20 23:05:42.418] - eth_getBalance
[2022/05/20 23:05:42.423] - eth_estimateGas
[2022/05/20 23:05:42.431] - eth_getTransactionCount
[2022/05/20 23:05:42.441] - eth_getBalance
[2022/05/20 23:05:42.453] - eth_getTransactionCount
[2022/05/20 23:05:42.470] - eth_getBalance
[2022/05/20 23:05:42.472] - eth_getTransactionCount
[2022/05/20 23:05:42.557] - eth_getBlockByNumber
[2022/05/20 23:05:42.557] - eth_gasPrice
[2022/05/20 23:05:42.577] - eth_sendTransaction
[2022/05/20 23:05:42.624] - eth_getBlockByNumber
[2022/05/20 23:05:42.655] - 
[2022/05/20 23:05:42.655] -   Transaction: 0x0b1dc5b09321e0537f347447b13b86a2f8a557a27db4c2546bea9bb00f500923
[2022/05/20 23:05:42.656] -   Gas usage: 27513
[2022/05/20 23:05:42.656] -   Block Number: 28
[2022/05/20 23:05:42.656] -   Block Time: Fri May 20 2022 23:05:42 GMT-0500 (Central Daylight Time)
[2022/05/20 23:05:42.656] - 
[2022/05/20 23:05:42.663] - eth_getBlockByNumber
[2022/05/20 23:05:42.664] - eth_getTransactionReceipt
[2022/05/20 23:05:42.666] - eth_getBlockByNumber
[2022/05/20 23:05:43.019] - eth_getBalance
[2022/05/20 23:05:43.043] - eth_getTransactionCount
[2022/05/20 23:05:43.060] - eth_getTransactionCount
[2022/05/20 23:05:43.071] - eth_getBalance
[2022/05/20 23:05:43.089] - eth_getTransactionCount
[2022/05/20 23:05:43.132] - eth_getBalance
[2022/05/20 23:05:43.147] - eth_getTransactionCount
[2022/05/20 23:05:43.159] - eth_getBalance
[2022/05/20 23:05:43.173] - eth_getTransactionCount
[2022/05/20 23:05:43.181] - eth_getBalance
[2022/05/20 23:05:43.189] - eth_getTransactionCount
[2022/05/20 23:05:43.201] - eth_getBalance
[2022/05/20 23:05:43.209] - eth_getTransactionCount
[2022/05/20 23:05:43.224] - eth_getBalance
[2022/05/20 23:05:43.275] - eth_getTransactionCount
[2022/05/20 23:05:43.296] - eth_getBalance
[2022/05/20 23:05:43.307] - eth_getTransactionCount
[2022/05/20 23:05:43.894] - eth_getBalance
[2022/05/20 23:05:43.915] - eth_getTransactionCount
[2022/05/20 23:05:43.927] - eth_getBalance
[2022/05/20 23:05:43.938] - eth_getTransactionCount
[2022/05/20 23:05:43.960] - eth_getBalance
[2022/05/20 23:05:44.003] - eth_getTransactionCount
[2022/05/20 23:05:44.024] - eth_getBalance
[2022/05/20 23:05:44.041] - eth_getTransactionCount
[2022/05/20 23:05:44.053] - eth_getBalance
[2022/05/20 23:05:44.064] - eth_getTransactionCount
[2022/05/20 23:05:44.086] - eth_getBalance
[2022/05/20 23:05:44.135] - eth_getTransactionCount
[2022/05/20 23:05:44.152] - eth_getBalance
[2022/05/20 23:05:44.163] - eth_getTransactionCount
[2022/05/20 23:05:44.175] - eth_getBalance
[2022/05/20 23:05:44.186] - eth_getTransactionCount
[2022/05/20 23:05:44.197] - eth_getBalance
[2022/05/20 23:05:44.212] - eth_getTransactionCount
[2022/05/20 23:05:44.422] - eth_getBalance
[2022/05/20 23:05:44.449] - eth_getTransactionCount
[2022/05/20 23:05:44.460] - eth_getBalance
[2022/05/20 23:05:44.472] - eth_getTransactionCount
[2022/05/20 23:05:44.484] - eth_getBalance
[2022/05/20 23:05:44.505] - eth_getTransactionCount
[2022/05/20 23:05:44.553] - eth_getBalance
[2022/05/20 23:05:44.574] - eth_getTransactionCount
[2022/05/20 23:05:44.583] - eth_getBalance
[2022/05/20 23:05:44.595] - eth_getTransactionCount
[2022/05/20 23:05:44.606] - eth_getBalance
[2022/05/20 23:05:44.617] - eth_getTransactionCount
[2022/05/20 23:05:44.637] - eth_getBalance
[2022/05/20 23:05:44.687] - eth_getTransactionCount
[2022/05/20 23:05:44.707] - eth_getBalance
[2022/05/20 23:05:44.720] - eth_getTransactionCount
[2022/05/20 23:05:45.195] - eth_getBalance
[2022/05/20 23:05:45.207] - eth_getTransactionCount
[2022/05/20 23:05:45.219] - eth_getBalance
[2022/05/20 23:05:45.235] - eth_getTransactionCount
[2022/05/20 23:05:45.289] - eth_getBalance
[2022/05/20 23:05:45.312] - eth_getTransactionCount
[2022/05/20 23:05:45.323] - eth_getBalance
[2022/05/20 23:05:45.335] - eth_getTransactionCount
[2022/05/20 23:05:45.347] - eth_getBalance
[2022/05/20 23:05:45.355] - eth_getTransactionCount
[2022/05/20 23:05:45.367] - eth_getBalance
[2022/05/20 23:05:45.389] - eth_getTransactionCount
[2022/05/20 23:05:45.434] - eth_getBalance
[2022/05/20 23:05:45.456] - eth_getTransactionCount
[2022/05/20 23:05:45.471] - eth_getBalance
[2022/05/20 23:05:45.479] - eth_getTransactionCount
[2022/05/20 23:05:46.115] - eth_getBalance
[2022/05/20 23:05:46.132] - eth_getTransactionCount
[2022/05/20 23:05:46.182] - eth_getBalance
[2022/05/20 23:05:46.203] - eth_getBalance
[2022/05/20 23:05:46.214] - eth_getTransactionCount
[2022/05/20 23:05:46.223] - eth_getBalance
[2022/05/20 23:05:46.235] - eth_getTransactionCount
[2022/05/20 23:05:46.246] - eth_getBalance
[2022/05/20 23:05:46.258] - eth_getTransactionCount
[2022/05/20 23:05:46.275] - eth_getBalance
[2022/05/20 23:05:46.288] - eth_getTransactionCount
[2022/05/20 23:05:46.333] - eth_getBalance
[2022/05/20 23:05:46.355] - eth_getTransactionCount
[2022/05/20 23:05:46.366] - eth_getBalance
[2022/05/20 23:05:46.380] - eth_getTransactionCount
[2022/05/20 23:05:46.394] - eth_getBalance
[2022/05/20 23:05:46.404] - eth_getTransactionCount
