[2022/06/05 00:58:58.923] - Starting server with initial configuration: {"gasLimit":6721975,"gasPrice":20000000000,"hardfork":"muirGlacier","hostname":"127.0.0.1","port":7545,"network_id":5777,"default_balance_ether":100,"total_accounts":10,"unlocked_accounts":[],"locked":false,"vmErrorsOnRPCResponse":true,"verbose":false,"db_path":"/Users/tlacuilose/Library/Application Support/Ganache/workspaces/Nekobasu/chaindata","logDirectory":"/Users/tlacuilose/Documents/ts/kobasu/nekobasu/logs"}
[2022/06/05 00:58:59.054] - eth_getCode
[2022/06/05 00:58:59.062] - eth_subscribe
[2022/06/05 00:58:59.063] - eth_getLogs
[2022/06/05 00:58:59.070] - eth_subscribe
[2022/06/05 00:58:59.110] - eth_getCode
[2022/06/05 00:58:59.111] - eth_getCode
[2022/06/05 00:58:59.112] - eth_subscribe
[2022/06/05 00:58:59.114] - eth_getLogs
[2022/06/05 00:58:59.114] - eth_subscribe
[2022/06/05 00:58:59.129] - eth_blockNumber
[2022/06/05 00:58:59.131] - eth_accounts
[2022/06/05 00:58:59.131] - eth_gasPrice
[2022/06/05 00:58:59.132] - eth_getBlockByNumber
[2022/06/05 00:58:59.133] - eth_subscribe
[2022/06/05 00:58:59.141] - eth_getCode
[2022/06/05 00:58:59.153] - eth_accounts
[2022/06/05 00:58:59.155] - eth_blockNumber
[2022/06/05 00:58:59.156] - eth_accounts
[2022/06/05 00:58:59.158] - eth_gasPrice
[2022/06/05 00:58:59.160] - eth_getBlockByNumber
[2022/06/05 00:58:59.161] - eth_subscribe
[2022/06/05 00:58:59.215] - eth_getBalance
[2022/06/05 00:58:59.217] - eth_getTransactionCount
[2022/06/05 00:58:59.224] - eth_getBalance
[2022/06/05 00:58:59.225] - eth_getTransactionCount
[2022/06/05 00:58:59.233] - eth_getBalance
[2022/06/05 00:58:59.234] - eth_getTransactionCount
[2022/06/05 00:58:59.235] - eth_getBalance
[2022/06/05 00:58:59.238] - eth_getTransactionCount
[2022/06/05 00:58:59.241] - eth_getBalance
[2022/06/05 00:58:59.244] - eth_getTransactionCount
[2022/06/05 00:58:59.248] - eth_getBalance
[2022/06/05 00:58:59.250] - eth_getTransactionCount
[2022/06/05 00:58:59.253] - eth_getBalance
[2022/06/05 00:58:59.256] - eth_getTransactionCount
[2022/06/05 00:58:59.260] - eth_getBalance
[2022/06/05 00:58:59.262] - eth_getTransactionCount
[2022/06/05 00:58:59.266] - eth_getBalance
[2022/06/05 00:58:59.270] - eth_getTransactionCount
[2022/06/05 00:58:59.276] - eth_getBalance
[2022/06/05 00:58:59.279] - eth_getTransactionCount
[2022/06/05 00:58:59.285] - eth_getBalance
[2022/06/05 00:58:59.286] - eth_getTransactionCount
[2022/06/05 00:58:59.288] - eth_getBalance
[2022/06/05 00:58:59.293] - eth_getTransactionCount
[2022/06/05 00:58:59.299] - eth_getBalance
[2022/06/05 00:58:59.299] - eth_getTransactionCount
[2022/06/05 00:58:59.301] - eth_getBalance
[2022/06/05 00:58:59.304] - eth_getTransactionCount
[2022/06/05 00:58:59.308] - eth_getBalance
[2022/06/05 00:58:59.311] - eth_getTransactionCount
[2022/06/05 00:58:59.314] - eth_getBalance
[2022/06/05 00:58:59.318] - eth_getTransactionCount
[2022/06/05 00:58:59.320] - eth_getBalance
[2022/06/05 00:58:59.325] - eth_getTransactionCount
[2022/06/05 00:58:59.331] - eth_getBalance
[2022/06/05 00:58:59.332] - eth_getTransactionCount
[2022/06/05 00:58:59.336] - eth_getBalance
[2022/06/05 00:58:59.338] - eth_getTransactionCount
[2022/06/05 00:58:59.341] - eth_getBalance
[2022/06/05 00:58:59.344] - eth_getTransactionCount
[2022/06/05 00:58:59.352] - eth_getBalance
[2022/06/05 00:58:59.357] - eth_getTransactionCount
[2022/06/05 00:58:59.372] - eth_getBalance
[2022/06/05 00:58:59.374] - eth_getTransactionCount
[2022/06/05 00:58:59.382] - eth_getBalance
[2022/06/05 00:58:59.382] - eth_getTransactionCount
[2022/06/05 00:58:59.383] - eth_getBalance
[2022/06/05 00:58:59.385] - eth_getTransactionCount
[2022/06/05 00:58:59.386] - eth_getBalance
[2022/06/05 00:58:59.386] - eth_getTransactionCount
[2022/06/05 00:58:59.390] - eth_getBalance
[2022/06/05 00:58:59.394] - eth_getTransactionCount
[2022/06/05 00:58:59.396] - eth_getBalance
[2022/06/05 00:58:59.399] - eth_getTransactionCount
[2022/06/05 00:58:59.405] - eth_getBalance
[2022/06/05 00:58:59.407] - eth_getTransactionCount
[2022/06/05 00:58:59.409] - eth_getBalance
[2022/06/05 00:58:59.415] - eth_getTransactionCount
[2022/06/05 00:58:59.418] - eth_getBalance
[2022/06/05 00:58:59.430] - eth_getTransactionCount
[2022/06/05 00:58:59.501] - eth_getBalance
[2022/06/05 00:58:59.508] - eth_getTransactionCount
[2022/06/05 00:58:59.512] - eth_getBalance
[2022/06/05 00:58:59.515] - eth_getTransactionCount
[2022/06/05 00:58:59.524] - eth_getBalance
[2022/06/05 00:58:59.525] - eth_getTransactionCount
[2022/06/05 00:58:59.527] - eth_getBalance
[2022/06/05 00:58:59.529] - eth_getTransactionCount
[2022/06/05 00:58:59.533] - eth_getBalance
[2022/06/05 00:58:59.536] - eth_getTransactionCount
[2022/06/05 00:58:59.539] - eth_getBalance
[2022/06/05 00:58:59.585] - eth_getTransactionCount
[2022/06/05 00:58:59.593] - eth_getBalance
[2022/06/05 00:58:59.605] - eth_getTransactionCount
[2022/06/05 00:58:59.606] - eth_getBalance
[2022/06/05 00:58:59.607] - eth_getTransactionCount
[2022/06/05 00:58:59.609] - eth_getBalance
[2022/06/05 00:58:59.611] - eth_getTransactionCount
[2022/06/05 00:58:59.612] - eth_getBalance
[2022/06/05 00:58:59.613] - eth_getTransactionCount
[2022/06/06 08:22:46.581] - eth_unsubscribe
[2022/06/06 08:22:46.588] - eth_unsubscribe
